#
# There is insufficient memory for the Java Runtime Environment to continue.
# Native memory allocation (mmap) failed to map 66060288 bytes for committing reserved memory.
# Possible reasons:
#   The system is out of physical RAM or swap space
#   In 32 bit mode, the process size limit was hit
# Possible solutions:
#   Reduce memory load on the system
#   Increase physical memory or swap space
#   Check if swap backing store is full
#   Use 64 bit Java on a 64 bit OS
#   Decrease Java heap size (-Xmx/-Xms)
#   Decrease number of Java threads
#   Decrease Java thread stack sizes (-Xss)
#   Set larger code cache with -XX:ReservedCodeCacheSize=
# This output file may be truncated or incomplete.
#
#  Out of Memory Error (os_linux.cpp:2640), pid=27696, tid=0x00007f8a106f6700
#
# JRE version: OpenJDK Runtime Environment (8.0_152-b01) (build 1.8.0_152-release-1024-b01)
# Java VM: OpenJDK 64-Bit Server VM (25.152-b01 mixed mode linux-amd64 compressed oops)
# Failed to write core dump. Core dumps have been disabled. To enable core dumping, try "ulimit -c unlimited" before starting Java again
#

---------------  T H R E A D  ---------------

Current thread (0x00007f8a20077800):  VMThread [stack: 0x00007f8a105f7000,0x00007f8a106f7000] [id=27705]

Stack: [0x00007f8a105f7000,0x00007f8a106f7000],  sp=0x00007f8a106f5460,  free space=1017k
Native frames: (J=compiled Java code, j=interpreted, Vv=VM code, C=native code)
V  [libjvm.so+0x9ed02d]
V  [libjvm.so+0x4b99fa]
V  [libjvm.so+0x852c20]
V  [libjvm.so+0x84d72f]
V  [libjvm.so+0x8c448b]
V  [libjvm.so+0x8c5100]
V  [libjvm.so+0x8c541b]
V  [libjvm.so+0x8c1b0c]
V  [libjvm.so+0x8c22e8]
V  [libjvm.so+0x876633]
V  [libjvm.so+0x9eeb54]
V  [libjvm.so+0x9f3067]
V  [libjvm.so+0x9f1a48]
V  [libjvm.so+0x9f1ec9]
V  [libjvm.so+0x9f2312]
V  [libjvm.so+0x850032]

VM_Operation (0x00007f89a8a60410): ParallelGCFailedAllocation, mode: safepoint, requested by thread 0x00007f899c03a800


---------------  P R O C E S S  ---------------

Java Threads: ( => current thread )
  0x00007f89bc02c000 JavaThread "ForkJoinPool.commonPool-worker-1" daemon [_thread_blocked, id=27880, stack(0x00007f89a8860000,0x00007f89a8961000)]
  0x00007f899c03a800 JavaThread "ForkJoinPool.commonPool-worker-0" daemon [_thread_blocked, id=27879, stack(0x00007f89a8961000,0x00007f89a8a62000)]
  0x00007f89b541d800 JavaThread "Task worker for ':' Thread 3" [_thread_blocked, id=27853, stack(0x00007f89a9167000,0x00007f89a9268000)]
  0x00007f89b541d000 JavaThread "Task worker for ':' Thread 2" [_thread_blocked, id=27852, stack(0x00007f89a9369000,0x00007f89a946a000)]
  0x00007f89b541b800 JavaThread "Task worker for ':'" [_thread_blocked, id=27851, stack(0x00007f89a8c64000,0x00007f89a8d65000)]
  0x00007f89b541b000 JavaThread "Cache worker for task history cache (/home/nox/Uni/Semester 4/Mensch - Computer Interaktion/Securify/.gradle/4.1/taskHistory)" [_thread_blocked, id=27850, stack(0x00007f89a9268000,0x00007f89a9369000)]
  0x00007f89b54d1800 JavaThread "Cache worker for file content cache (/home/nox/Uni/Semester 4/Mensch - Computer Interaktion/Securify/.gradle/4.1/fileContent)" [_thread_blocked, id=27849, stack(0x00007f89aaf5b000,0x00007f89ab05c000)]
  0x00007f89b54ef800 JavaThread "build operations Thread 4" [_thread_blocked, id=27848, stack(0x00007f89ab05c000,0x00007f89ab15d000)]
  0x00007f89b54ee800 JavaThread "build operations Thread 3" [_thread_blocked, id=27847, stack(0x00007f89aad59000,0x00007f89aae5a000)]
  0x00007f89b551d800 JavaThread "build operations Thread 2" [_thread_blocked, id=27846, stack(0x00007f89aae5a000,0x00007f89aaf5b000)]
  0x00007f89b5383800 JavaThread "build operations" [_thread_blocked, id=27845, stack(0x00007f89a8b63000,0x00007f89a8c64000)]
  0x00007f89b5517000 JavaThread "Cache worker for Artifact transforms cache (/home/nox/.gradle/caches/transforms-1)" [_thread_blocked, id=27839, stack(0x00007f89abdfe000,0x00007f89abeff000)]
  0x00007f89b4d40800 JavaThread "Cache worker for file hash cache (/home/nox/Uni/Semester 4/Mensch - Computer Interaktion/Securify/.gradle/4.1/fileHashes)" [_thread_blocked, id=27833, stack(0x00007f89abeff000,0x00007f89ac000000)]
  0x00007f89b440d000 JavaThread "Stdin handler" [_thread_blocked, id=27832, stack(0x00007f89e84e6000,0x00007f89e85e7000)]
  0x00007f89b4012000 JavaThread "Asynchronous log dispatcher for DefaultDaemonConnection: socket connection from /127.0.0.1:34013 to /127.0.0.1:53762" [_thread_blocked, id=27831, stack(0x00007f89e85e7000,0x00007f89e86e8000)]
  0x00007f89c8008800 JavaThread "Cancel handler" [_thread_blocked, id=27828, stack(0x00007f89e87e9000,0x00007f89e88ea000)]
  0x00007f89c8004000 JavaThread "Handler for socket connection from /127.0.0.1:34013 to /127.0.0.1:53762" [_thread_in_native, id=27825, stack(0x00007f89e88ea000,0x00007f89e89eb000)]
  0x00007f89b5475800 JavaThread "ForkJoinPool.commonPool-worker-3" daemon [_thread_blocked, id=27814, stack(0x00007f89a865e000,0x00007f89a875f000)]
  0x00007f899c008000 JavaThread "process reaper" daemon [_thread_blocked, id=27778, stack(0x00007f89a9a87000,0x00007f89a9ac0000)]
  0x00007f89a0005000 JavaThread "process reaper" daemon [_thread_blocked, id=27777, stack(0x00007f89a9ac0000,0x00007f89a9af9000)]
  0x00007f8998002000 JavaThread "process reaper" daemon [_thread_blocked, id=27776, stack(0x00007f89a9af9000,0x00007f89a9b32000)]
  0x00007f89a4003000 JavaThread "process reaper" daemon [_thread_blocked, id=27775, stack(0x00007f89a9b32000,0x00007f89a9b6b000)]
  0x00007f89b5143800 JavaThread "Memory manager" [_thread_blocked, id=27746, stack(0x00007f89aa36e000,0x00007f89aa46f000)]
  0x00007f89b4131000 JavaThread "File lock request listener" [_thread_in_native, id=27732, stack(0x00007f89e80e4000,0x00007f89e81e5000)]
  0x00007f89b4130000 JavaThread "Cache worker for file hash cache (/home/nox/.gradle/caches/4.1/fileHashes)" [_thread_blocked, id=27731, stack(0x00007f89e81e5000,0x00007f89e82e6000)]
  0x00007f89c800a000 JavaThread "Daemon worker" [_thread_blocked, id=27726, stack(0x00007f89e86e8000,0x00007f89e87e9000)]
  0x00007f89d001d000 JavaThread "Daemon" [_thread_blocked, id=27723, stack(0x00007f89e89eb000,0x00007f89e8aec000)]
  0x00007f8a20cbe000 JavaThread "Daemon periodic checks" [_thread_blocked, id=27722, stack(0x00007f89e8aec000,0x00007f89e8bed000)]
  0x00007f8a20c74800 JavaThread "Incoming local TCP Connector on port 34013" [_thread_in_native, id=27721, stack(0x00007f89e8bed000,0x00007f89e8cee000)]
  0x00007f8a200d1800 JavaThread "Service Thread" daemon [_thread_blocked, id=27714, stack(0x00007f8a08dfe000,0x00007f8a08eff000)]
  0x00007f8a200bc800 JavaThread "C1 CompilerThread2" daemon [_thread_blocked, id=27713, stack(0x00007f8a08f00000,0x00007f8a09000000)]
  0x00007f8a200ba800 JavaThread "C2 CompilerThread1" daemon [_thread_blocked, id=27712, stack(0x00007f8a100f2000,0x00007f8a101f2000)]
  0x00007f8a200b7800 JavaThread "C2 CompilerThread0" daemon [_thread_in_native, id=27711, stack(0x00007f8a101f3000,0x00007f8a102f3000)]
  0x00007f8a200b6000 JavaThread "Signal Dispatcher" daemon [_thread_blocked, id=27710, stack(0x00007f8a102f3000,0x00007f8a103f4000)]
  0x00007f8a20083800 JavaThread "Finalizer" daemon [_thread_blocked, id=27707, stack(0x00007f8a103f4000,0x00007f8a104f5000)]
  0x00007f8a2007f000 JavaThread "Reference Handler" daemon [_thread_blocked, id=27706, stack(0x00007f8a104f5000,0x00007f8a105f6000)]
  0x00007f8a2000a000 JavaThread "main" [_thread_blocked, id=27700, stack(0x00007f8a26834000,0x00007f8a26934000)]

Other Threads:
=>0x00007f8a20077800 VMThread [stack: 0x00007f8a105f7000,0x00007f8a106f7000] [id=27705]
  0x00007f8a200d4000 WatcherThread [stack: 0x00007f8a08cfe000,0x00007f8a08dfe000] [id=27715]

VM state:at safepoint (normal execution)

VM Mutex/Monitor currently owned by a thread:  ([mutex/lock_event])
[0x00007f8a20007a00] Threads_lock - owner thread: 0x00007f8a20077800
[0x00007f8a20007f00] Heap_lock - owner thread: 0x00007f899c03a800

Heap:
 PSYoungGen      total 430080K, used 29670K [0x00000000e0000000, 0x00000000fc100000, 0x0000000100000000)
  eden space 400384K, 0% used [0x00000000e0000000,0x00000000e0000000,0x00000000f8700000)
  from space 29696K, 99% used [0x00000000f8700000,0x00000000fa3f9b88,0x00000000fa400000)
  to   space 16384K, 0% used [0x00000000fb100000,0x00000000fb100000,0x00000000fc100000)
 ParOldGen       total 115200K, used 107754K [0x00000000a0000000, 0x00000000a7080000, 0x00000000e0000000)
  object space 115200K, 93% used [0x00000000a0000000,0x00000000a693abe8,0x00000000a7080000)
 Metaspace       used 71322K, capacity 73944K, committed 74200K, reserved 1114112K
  class space    used 9116K, capacity 9659K, committed 9728K, reserved 1048576K

Card table byte_map: [0x00007f8a25b0c000,0x00007f8a25e0d000] byte_map_base: 0x00007f8a2560c000

Marking Bits: (ParMarkBitMap*) 0x00007f8a27964440
 Begin Bits: [0x00007f8a09000000, 0x00007f8a0a800000)
 End Bits:   [0x00007f8a0a800000, 0x00007f8a0c000000)

Polling page: 0x00007f8a27bbb000

CodeCache: size=245760Kb used=36465Kb max_used=36481Kb free=209294Kb
 bounds [0x00007f8a11000000, 0x00007f8a133e0000, 0x00007f8a20000000]
 total_blobs=12303 nmethods=11479 adapters=736
 compilation: enabled

Compilation events (10 events):
Event: 36.025 Thread 0x00007f8a200ba800 13984       4       com.android.dex.TypeList::toString (88 bytes)
Event: 36.028 Thread 0x00007f8a200b7800 nmethod 13977 0x00007f8a133c7b90 code [0x00007f8a133c7d80, 0x00007f8a133c8658]
Event: 36.029 Thread 0x00007f8a200b7800 13978       4       com.android.builder.dexing.ReferenceCountMergingStrategy$$Lambda$485/1377783025::accept (16 bytes)
Event: 36.032 Thread 0x00007f8a200bc800 nmethod 13983 0x00007f8a133c9810 code [0x00007f8a133c9c00, 0x00007f8a133cbca8]
Event: 36.032 Thread 0x00007f8a200bc800 13982       3       com.android.builder.dexing.ReferenceCountMergingStrategy$$Lambda$485/1377783025::<init> (15 bytes)
Event: 36.033 Thread 0x00007f8a200bc800 nmethod 13982 0x00007f8a133b5f10 code [0x00007f8a133b6080, 0x00007f8a133b6250]
Event: 36.068 Thread 0x00007f8a200ba800 nmethod 13984 0x00007f8a133cd4d0 code [0x00007f8a133cd760, 0x00007f8a133cef18]
Event: 36.068 Thread 0x00007f8a200ba800 13979       4       com.android.builder.dexing.ReferenceCountMergingStrategy$MethodEvaluated::create (120 bytes)
Event: 36.180 Thread 0x00007f8a200bc800 13993       1       com.android.dx.merge.DexMerger$1::getSection (5 bytes)
Event: 36.180 Thread 0x00007f8a200bc800 nmethod 13993 0x00007f8a133bac90 code [0x00007f8a133bade0, 0x00007f8a133baef0]

GC Heap History (10 events):
Event: 18.275 GC heap after
Heap after GC invocations=13 (full 3):
 PSYoungGen      total 266752K, used 0K [0x00000000e0000000, 0x00000000f2b80000, 0x0000000100000000)
  eden space 245248K, 0% used [0x00000000e0000000,0x00000000e0000000,0x00000000eef80000)
  from space 21504K, 0% used [0x00000000f0500000,0x00000000f0500000,0x00000000f1a00000)
  to   space 22016K, 0% used [0x00000000eef80000,0x00000000eef80000,0x00000000f0500000)
 ParOldGen       total 115200K, used 38228K [0x00000000a0000000, 0x00000000a7080000, 0x00000000e0000000)
  object space 115200K, 33% used [0x00000000a0000000,0x00000000a2555080,0x00000000a7080000)
 Metaspace       used 57190K, capacity 58838K, committed 59028K, reserved 1099776K
  class space    used 7750K, capacity 8114K, committed 8192K, reserved 1048576K
}
Event: 21.880 GC heap before
{Heap before GC invocations=14 (full 3):
 PSYoungGen      total 266752K, used 245248K [0x00000000e0000000, 0x00000000f2b80000, 0x0000000100000000)
  eden space 245248K, 100% used [0x00000000e0000000,0x00000000eef80000,0x00000000eef80000)
  from space 21504K, 0% used [0x00000000f0500000,0x00000000f0500000,0x00000000f1a00000)
  to   space 22016K, 0% used [0x00000000eef80000,0x00000000eef80000,0x00000000f0500000)
 ParOldGen       total 115200K, used 38228K [0x00000000a0000000, 0x00000000a7080000, 0x00000000e0000000)
  object space 115200K, 33% used [0x00000000a0000000,0x00000000a2555080,0x00000000a7080000)
 Metaspace       used 63766K, capacity 65574K, committed 65880K, reserved 1105920K
  class space    used 8383K, capacity 8808K, committed 8832K, reserved 1048576K
Event: 21.930 GC heap after
Heap after GC invocations=14 (full 3):
 PSYoungGen      total 267264K, used 22015K [0x00000000e0000000, 0x00000000f7580000, 0x0000000100000000)
  eden space 245248K, 0% used [0x00000000e0000000,0x00000000e0000000,0x00000000eef80000)
  from space 22016K, 99% used [0x00000000eef80000,0x00000000f04ffc80,0x00000000f0500000)
  to   space 32768K, 0% used [0x00000000f5580000,0x00000000f5580000,0x00000000f7580000)
 ParOldGen       total 115200K, used 59023K [0x00000000a0000000, 0x00000000a7080000, 0x00000000e0000000)
  object space 115200K, 51% used [0x00000000a0000000,0x00000000a39a3e28,0x00000000a7080000)
 Metaspace       used 63766K, capacity 65574K, committed 65880K, reserved 1105920K
  class space    used 8383K, capacity 8808K, committed 8832K, reserved 1048576K
}
Event: 23.638 GC heap before
{Heap before GC invocations=15 (full 3):
 PSYoungGen      total 267264K, used 267146K [0x00000000e0000000, 0x00000000f7580000, 0x0000000100000000)
  eden space 245248K, 99% used [0x00000000e0000000,0x00000000eef62df0,0x00000000eef80000)
  from space 22016K, 99% used [0x00000000eef80000,0x00000000f04ffc80,0x00000000f0500000)
  to   space 32768K, 0% used [0x00000000f5580000,0x00000000f5580000,0x00000000f7580000)
 ParOldGen       total 115200K, used 59023K [0x00000000a0000000, 0x00000000a7080000, 0x00000000e0000000)
  object space 115200K, 51% used [0x00000000a0000000,0x00000000a39a3e28,0x00000000a7080000)
 Metaspace       used 65107K, capacity 67130K, committed 67416K, reserved 1107968K
  class space    used 8537K, capacity 9000K, committed 9088K, reserved 1048576K
Event: 23.661 GC heap after
Heap after GC invocations=15 (full 3):
 PSYoungGen      total 341504K, used 11985K [0x00000000e0000000, 0x00000000f7000000, 0x0000000100000000)
  eden space 314368K, 0% used [0x00000000e0000000,0x00000000e0000000,0x00000000f3300000)
  from space 27136K, 44% used [0x00000000f5580000,0x00000000f6134500,0x00000000f7000000)
  to   space 31232K, 0% used [0x00000000f3300000,0x00000000f3300000,0x00000000f5180000)
 ParOldGen       total 115200K, used 80854K [0x00000000a0000000, 0x00000000a7080000, 0x00000000e0000000)
  object space 115200K, 70% used [0x00000000a0000000,0x00000000a4ef5980,0x00000000a7080000)
 Metaspace       used 65107K, capacity 67130K, committed 67416K, reserved 1107968K
  class space    used 8537K, capacity 9000K, committed 9088K, reserved 1048576K
}
Event: 23.943 GC heap before
{Heap before GC invocations=16 (full 3):
 PSYoungGen      total 341504K, used 325342K [0x00000000e0000000, 0x00000000f7000000, 0x0000000100000000)
  eden space 314368K, 99% used [0x00000000e0000000,0x00000000f32035b0,0x00000000f3300000)
  from space 27136K, 44% used [0x00000000f5580000,0x00000000f6134500,0x00000000f7000000)
  to   space 31232K, 0% used [0x00000000f3300000,0x00000000f3300000,0x00000000f5180000)
 ParOldGen       total 115200K, used 80854K [0x00000000a0000000, 0x00000000a7080000, 0x00000000e0000000)
  object space 115200K, 70% used [0x00000000a0000000,0x00000000a4ef5980,0x00000000a7080000)
 Metaspace       used 65387K, capacity 67482K, committed 67672K, reserved 1107968K
  class space    used 8576K, capacity 9044K, committed 9088K, reserved 1048576K
Event: 23.952 GC heap after
Heap after GC invocations=16 (full 3):
 PSYoungGen      total 345600K, used 5614K [0x00000000e0000000, 0x00000000fcf00000, 0x0000000100000000)
  eden space 314368K, 0% used [0x00000000e0000000,0x00000000e0000000,0x00000000f3300000)
  from space 31232K, 17% used [0x00000000f3300000,0x00000000f387b988,0x00000000f5180000)
  to   space 30720K, 0% used [0x00000000fb100000,0x00000000fb100000,0x00000000fcf00000)
 ParOldGen       total 115200K, used 80862K [0x00000000a0000000, 0x00000000a7080000, 0x00000000e0000000)
  object space 115200K, 70% used [0x00000000a0000000,0x00000000a4ef7980,0x00000000a7080000)
 Metaspace       used 65387K, capacity 67482K, committed 67672K, reserved 1107968K
  class space    used 8576K, capacity 9044K, committed 9088K, reserved 1048576K
}
Event: 31.466 GC heap before
{Heap before GC invocations=17 (full 3):
 PSYoungGen      total 345600K, used 319982K [0x00000000e0000000, 0x00000000fcf00000, 0x0000000100000000)
  eden space 314368K, 100% used [0x00000000e0000000,0x00000000f3300000,0x00000000f3300000)
  from space 31232K, 17% used [0x00000000f3300000,0x00000000f387b988,0x00000000f5180000)
  to   space 30720K, 0% used [0x00000000fb100000,0x00000000fb100000,0x00000000fcf00000)
 ParOldGen       total 115200K, used 80862K [0x00000000a0000000, 0x00000000a7080000, 0x00000000e0000000)
  object space 115200K, 70% used [0x00000000a0000000,0x00000000a4ef7980,0x00000000a7080000)
 Metaspace       used 69782K, capacity 72294K, committed 72536K, reserved 1112064K
  class space    used 9006K, capacity 9532K, committed 9600K, reserved 1048576K
Event: 31.481 GC heap after
Heap after GC invocations=17 (full 3):
 PSYoungGen      total 416768K, used 8919K [0x00000000e0000000, 0x00000000fc100000, 0x0000000100000000)
  eden space 400384K, 0% used [0x00000000e0000000,0x00000000e0000000,0x00000000f8700000)
  from space 16384K, 54% used [0x00000000fb100000,0x00000000fb9b5ed8,0x00000000fc100000)
  to   space 29696K, 0% used [0x00000000f8700000,0x00000000f8700000,0x00000000fa400000)
 ParOldGen       total 115200K, used 81482K [0x00000000a0000000, 0x00000000a7080000, 0x00000000e0000000)
  object space 115200K, 70% used [0x00000000a0000000,0x00000000a4f92a00,0x00000000a7080000)
 Metaspace       used 69782K, capacity 72294K, committed 72536K, reserved 1112064K
  class space    used 9006K, capacity 9532K, committed 9600K, reserved 1048576K
}
Event: 36.274 GC heap before
{Heap before GC invocations=18 (full 3):
 PSYoungGen      total 416768K, used 409303K [0x00000000e0000000, 0x00000000fc100000, 0x0000000100000000)
  eden space 400384K, 100% used [0x00000000e0000000,0x00000000f8700000,0x00000000f8700000)
  from space 16384K, 54% used [0x00000000fb100000,0x00000000fb9b5ed8,0x00000000fc100000)
  to   space 29696K, 0% used [0x00000000f8700000,0x00000000f8700000,0x00000000fa400000)
 ParOldGen       total 115200K, used 81482K [0x00000000a0000000, 0x00000000a7080000, 0x00000000e0000000)
  object space 115200K, 70% used [0x00000000a0000000,0x00000000a4f92a00,0x00000000a7080000)
 Metaspace       used 71322K, capacity 73944K, committed 74200K, reserved 1114112K
  class space    used 9116K, capacity 9659K, committed 9728K, reserved 1048576K

Deoptimization events (10 events):
Event: 34.973 Thread 0x00007f89bc02c000 Uncommon trap: reason=class_check action=maybe_recompile pc=0x00007f8a13078128 method=com.android.dx.cf.code.BytecodeArray.parseInstruction(ILcom/android/dx/cf/code/BytecodeArray$Visitor;)I @ 1258
Event: 34.973 Thread 0x00007f89bc02c000 Uncommon trap: reason=class_check action=maybe_recompile pc=0x00007f8a13078128 method=com.android.dx.cf.code.BytecodeArray.parseInstruction(ILcom/android/dx/cf/code/BytecodeArray$Visitor;)I @ 1258
Event: 34.994 Thread 0x00007f89bc02c000 Uncommon trap: reason=class_check action=maybe_recompile pc=0x00007f8a13078128 method=com.android.dx.cf.code.BytecodeArray.parseInstruction(ILcom/android/dx/cf/code/BytecodeArray$Visitor;)I @ 1258
Event: 34.995 Thread 0x00007f89bc02c000 Uncommon trap: reason=class_check action=maybe_recompile pc=0x00007f8a13078128 method=com.android.dx.cf.code.BytecodeArray.parseInstruction(ILcom/android/dx/cf/code/BytecodeArray$Visitor;)I @ 1258
Event: 35.057 Thread 0x00007f89bc02c000 Uncommon trap: reason=unstable_if action=reinterpret pc=0x00007f8a1317f8ec method=com.android.dx.dex.file.ValueEncoder.constantToValueType(Lcom/android/dx/rop/cst/Constant;)I @ 40
Event: 35.104 Thread 0x00007f89b5475800 Uncommon trap: reason=bimorphic action=maybe_recompile pc=0x00007f8a1318860c method=com.android.dx.dex.cf.CfTranslator.coerceConstant(Lcom/android/dx/rop/cst/TypedConstant;Lcom/android/dx/rop/type/Type;)Lcom/android/dx/rop/cst/TypedConstant; @ 1
Event: 35.109 Thread 0x00007f89b5475800 Uncommon trap: reason=unstable_if action=reinterpret pc=0x00007f8a1283a07c method=com.android.dx.rop.type.Type.intern(Ljava/lang/String;)Lcom/android/dx/rop/type/Type; @ 53
Event: 35.133 Thread 0x00007f89b5475800 Uncommon trap: reason=unstable_if action=reinterpret pc=0x00007f8a1315db84 method=com.android.dx.dex.file.ValueEncoder.constantToValueType(Lcom/android/dx/rop/cst/Constant;)I @ 40
Event: 35.171 Thread 0x00007f89b5475800 Uncommon trap: reason=bimorphic action=maybe_recompile pc=0x00007f8a1318860c method=com.android.dx.dex.cf.CfTranslator.coerceConstant(Lcom/android/dx/rop/cst/TypedConstant;Lcom/android/dx/rop/type/Type;)Lcom/android/dx/rop/cst/TypedConstant; @ 1
Event: 35.188 Thread 0x00007f899c03a800 Uncommon trap: reason=bimorphic action=maybe_recompile pc=0x00007f8a1318860c method=com.android.dx.dex.cf.CfTranslator.coerceConstant(Lcom/android/dx/rop/cst/TypedConstant;Lcom/android/dx/rop/type/Type;)Lcom/android/dx/rop/cst/TypedConstant; @ 1

Classes redefined (0 events):
No events

Internal exceptions (10 events):
Event: 35.684 Thread 0x00007f89bc02c000 Exception <a 'sun/nio/fs/UnixException'> (0x00000000ee0d9bb0) thrown at [/usr/local/google/home/ralucas/source/AOSP-openjdk-git/jdk8u/hotspot/src/share/vm/prims/jni.cpp, line 709]
Event: 35.693 Thread 0x00007f89b5475800 Exception <a 'sun/nio/fs/UnixException'> (0x00000000ede74808) thrown at [/usr/local/google/home/ralucas/source/AOSP-openjdk-git/jdk8u/hotspot/src/share/vm/prims/jni.cpp, line 709]
Event: 35.695 Thread 0x00007f89b5475800 Exception <a 'sun/nio/fs/UnixException'> (0x00000000ede89168) thrown at [/usr/local/google/home/ralucas/source/AOSP-openjdk-git/jdk8u/hotspot/src/share/vm/prims/jni.cpp, line 709]
Event: 35.697 Thread 0x00007f89b5475800 Exception <a 'sun/nio/fs/UnixException'> (0x00000000ede9e8c0) thrown at [/usr/local/google/home/ralucas/source/AOSP-openjdk-git/jdk8u/hotspot/src/share/vm/prims/jni.cpp, line 709]
Event: 35.701 Thread 0x00007f89b5475800 Exception <a 'sun/nio/fs/UnixException'> (0x00000000edeb0d30) thrown at [/usr/local/google/home/ralucas/source/AOSP-openjdk-git/jdk8u/hotspot/src/share/vm/prims/jni.cpp, line 709]
Event: 35.731 Thread 0x00007f899c03a800 Exception <a 'sun/nio/fs/UnixException'> (0x00000000ee04df80) thrown at [/usr/local/google/home/ralucas/source/AOSP-openjdk-git/jdk8u/hotspot/src/share/vm/prims/jni.cpp, line 709]
Event: 35.731 Thread 0x00007f899c03a800 Exception <a 'sun/nio/fs/UnixException'> (0x00000000ee04e640) thrown at [/usr/local/google/home/ralucas/source/AOSP-openjdk-git/jdk8u/hotspot/src/share/vm/prims/jni.cpp, line 709]
Event: 35.732 Thread 0x00007f899c03a800 Exception <a 'sun/nio/fs/UnixException'> (0x00000000ee04ecf0) thrown at [/usr/local/google/home/ralucas/source/AOSP-openjdk-git/jdk8u/hotspot/src/share/vm/prims/jni.cpp, line 709]
Event: 35.732 Thread 0x00007f899c03a800 Exception <a 'sun/nio/fs/UnixException'> (0x00000000ee04f390) thrown at [/usr/local/google/home/ralucas/source/AOSP-openjdk-git/jdk8u/hotspot/src/share/vm/prims/jni.cpp, line 709]
Event: 35.732 Thread 0x00007f899c03a800 Exception <a 'sun/nio/fs/UnixException'> (0x00000000ee04fa18) thrown at [/usr/local/google/home/ralucas/source/AOSP-openjdk-git/jdk8u/hotspot/src/share/vm/prims/jni.cpp, line 709]

Events (10 events):
Event: 35.969 loading class com/android/builder/dexing/AutoValue_ReferenceCountMergingStrategy_FieldEvaluated done
Event: 35.969 loading class com/android/dex/MethodId
Event: 35.969 loading class com/android/dex/MethodId done
Event: 35.970 loading class com/android/builder/dexing/ReferenceCountMergingStrategy$MethodEvaluated
Event: 35.970 loading class com/android/builder/dexing/ReferenceCountMergingStrategy$MethodEvaluated done
Event: 35.971 loading class com/android/builder/dexing/AutoValue_ReferenceCountMergingStrategy_MethodEvaluated
Event: 35.971 loading class com/android/builder/dexing/AutoValue_ReferenceCountMergingStrategy_MethodEvaluated done
Event: 35.990 Executing VM operation: ForceSafepoint
Event: 35.991 Executing VM operation: ForceSafepoint done
Event: 36.268 Executing VM operation: ParallelGCFailedAllocation


Dynamic libraries:
00400000-00401000 r-xp 00000000 08:04 2351133                            /opt/android-studio/jre/bin/java
00600000-00601000 r--p 00000000 08:04 2351133                            /opt/android-studio/jre/bin/java
00601000-00602000 rw-p 00001000 08:04 2351133                            /opt/android-studio/jre/bin/java
00db1000-00dd2000 rw-p 00000000 00:00 0                                  [heap]
a0000000-a7080000 rw-p 00000000 00:00 0 
a7080000-e0000000 ---p 00000000 00:00 0 
e0000000-fc100000 rw-p 00000000 00:00 0 
100000000-100980000 rw-p 00000000 00:00 0 
100980000-140000000 ---p 00000000 00:00 0 
7f8986a64000-7f8986b64000 rw-p 00000000 00:00 0 
7f8986b64000-7f8986c64000 ---p 00000000 00:00 0 
7f8986d77000-7f8986d7a000 ---p 00000000 00:00 0 
7f8986d7a000-7f8986e78000 rw-p 00000000 00:00 0 
7f8986e78000-7f8986fb9000 r--s 02315000 08:04 5079588                    /home/nox/.gradle/caches/jars-3/551d444877e0184a4a9f816e6779749d/android.jar
7f8986fb9000-7f8987000000 r--s 0023e000 08:04 4958472                    /home/nox/.gradle/caches/jars-3/8729bd3522985b970f1e62c1acbddec5/gradle-core-4.0.jar
7f8987000000-7f8987200000 rw-p 00000000 00:00 0 
7f8987200000-7f8987400000 rw-p 00000000 00:00 0 
7f8987400000-7f8987600000 rw-p 00000000 00:00 0 
7f8987600000-7f8987800000 rw-p 00000000 00:00 0 
7f8987800000-7f8987a00000 rw-p 00000000 00:00 0 
7f8987a00000-7f8987c00000 rw-p 00000000 00:00 0 
7f8987c00000-7f8987e00000 rw-p 00000000 00:00 0 
7f8987e00000-7f8988000000 rw-p 00000000 00:00 0 
7f8988000000-7f8988289000 rw-p 00000000 00:00 0 
7f8988289000-7f898c000000 ---p 00000000 00:00 0 
7f898c000000-7f898c02f000 rw-p 00000000 00:00 0 
7f898c02f000-7f8990000000 ---p 00000000 00:00 0 
7f8990000000-7f8990964000 rw-p 00000000 00:00 0 
7f8990964000-7f8994000000 ---p 00000000 00:00 0 
7f8994000000-7f8994025000 rw-p 00000000 00:00 0 
7f8994025000-7f8998000000 ---p 00000000 00:00 0 
7f8998000000-7f8998107000 rw-p 00000000 00:00 0 
7f8998107000-7f899c000000 ---p 00000000 00:00 0 
7f899c000000-7f899c3ea000 rw-p 00000000 00:00 0 
7f899c3ea000-7f89a0000000 ---p 00000000 00:00 0 
7f89a0000000-7f89a0153000 rw-p 00000000 00:00 0 
7f89a0153000-7f89a4000000 ---p 00000000 00:00 0 
7f89a4000000-7f89a4021000 rw-p 00000000 00:00 0 
7f89a4021000-7f89a8000000 ---p 00000000 00:00 0 
7f89a8018000-7f89a801e000 r--s 0002b000 08:04 4958474                    /home/nox/.gradle/caches/jars-3/743f21f4026f422c55d58f1e851d2d25/gradle-messaging-4.0.jar
7f89a801e000-7f89a8023000 r--s 00041000 08:04 2744050                    /home/nox/.gradle/caches/jars-3/c0502f5c2cf6dfd52d250e1b7d027d24/commons-lang-2.6.jar
7f89a8023000-7f89a804b000 r--s 001cf000 08:04 2744044                    /home/nox/.gradle/caches/jars-3/566e7e0f530f75a42eba4833ef84d88c/guava-jdk5-17.0.jar
7f89a804b000-7f89a8058000 r--s 00043000 08:04 4958468                    /home/nox/.gradle/caches/jars-3/42de0c78a4cdd8a545638a08cd27e9ed/gradle-tooling-api-4.0.jar
7f89a8058000-7f89a805b000 ---p 00000000 00:00 0 
7f89a805b000-7f89a8159000 rw-p 00000000 00:00 0 
7f89a8159000-7f89a815c000 ---p 00000000 00:00 0 
7f89a815c000-7f89a825a000 rw-p 00000000 00:00 0 
7f89a825a000-7f89a825d000 ---p 00000000 00:00 0 
7f89a825d000-7f89a835b000 rw-p 00000000 00:00 0 
7f89a835b000-7f89a835e000 ---p 00000000 00:00 0 
7f89a835e000-7f89a845c000 rw-p 00000000 00:00 0 
7f89a845c000-7f89a845f000 ---p 00000000 00:00 0 
7f89a845f000-7f89a855d000 rw-p 00000000 00:00 0 
7f89a855d000-7f89a8560000 ---p 00000000 00:00 0 
7f89a8560000-7f89a865e000 rw-p 00000000 00:00 0 
7f89a865e000-7f89a8661000 ---p 00000000 00:00 0 
7f89a8661000-7f89a875f000 rw-p 00000000 00:00 0 
7f89a875f000-7f89a8762000 ---p 00000000 00:00 0 
7f89a8762000-7f89a8860000 rw-p 00000000 00:00 0 
7f89a8860000-7f89a8863000 ---p 00000000 00:00 0 
7f89a8863000-7f89a8961000 rw-p 00000000 00:00 0 
7f89a8961000-7f89a8964000 ---p 00000000 00:00 0 
7f89a8964000-7f89a8a62000 rw-p 00000000 00:00 0 
7f89a8a62000-7f89a8a65000 ---p 00000000 00:00 0 
7f89a8a65000-7f89a8b63000 rw-p 00000000 00:00 0 
7f89a8b63000-7f89a8b66000 ---p 00000000 00:00 0 
7f89a8b66000-7f89a8c64000 rw-p 00000000 00:00 0 
7f89a8c64000-7f89a8c67000 ---p 00000000 00:00 0 
7f89a8c67000-7f89a8f65000 rw-p 00000000 00:00 0 
7f89a8f65000-7f89a8f68000 ---p 00000000 00:00 0 
7f89a8f68000-7f89a9066000 rw-p 00000000 00:00 0 
7f89a9066000-7f89a9069000 ---p 00000000 00:00 0 
7f89a9069000-7f89a9167000 rw-p 00000000 00:00 0 
7f89a9167000-7f89a916a000 ---p 00000000 00:00 0 
7f89a916a000-7f89a9268000 rw-p 00000000 00:00 0 
7f89a9268000-7f89a926b000 ---p 00000000 00:00 0 
7f89a926b000-7f89a9369000 rw-p 00000000 00:00 0 
7f89a9369000-7f89a936c000 ---p 00000000 00:00 0 
7f89a936c000-7f89a966a000 rw-p 00000000 00:00 0 
7f89a966a000-7f89a986a000 rw-p 00000000 00:00 0 
7f89a986a000-7f89a9a6a000 rw-p 00000000 00:00 0 
7f89a9a6a000-7f89a9a7c000 r--s 00345000 08:04 2607132                    /opt/android-studio/jre/jre/lib/resources.jar
7f89a9a7c000-7f89a9a87000 r--s 00053000 08:04 4958470                    /home/nox/.gradle/caches/jars-3/e783d52902b0979a5bda37a2fb27008b/gradle-base-services-4.0.jar
7f89a9a87000-7f89a9a8a000 ---p 00000000 00:00 0 
7f89a9a8a000-7f89a9ac0000 rw-p 00000000 00:00 0 
7f89a9ac0000-7f89a9ac3000 ---p 00000000 00:00 0 
7f89a9ac3000-7f89a9af9000 rw-p 00000000 00:00 0 
7f89a9af9000-7f89a9afc000 ---p 00000000 00:00 0 
7f89a9afc000-7f89a9b32000 rw-p 00000000 00:00 0 
7f89a9b32000-7f89a9b35000 ---p 00000000 00:00 0 
7f89a9b35000-7f89a9d6b000 rw-p 00000000 00:00 0 
7f89a9d6b000-7f89a9f6b000 rw-p 00000000 00:00 0 
7f89a9f6b000-7f89aa16b000 rw-p 00000000 00:00 0 
7f89aa16b000-7f89aa16e000 r--s 00015000 08:04 2607122                    /opt/android-studio/jre/jre/lib/jce.jar
7f89aa16e000-7f89aa36e000 rw-p 00000000 00:00 0 
7f89aa36e000-7f89aa371000 ---p 00000000 00:00 0 
7f89aa371000-7f89aa46f000 rw-p 00000000 00:00 0 
7f89aa46f000-7f89aa470000 r--p 00000000 08:04 406934                     /usr/share/locale/en_GB/LC_MESSAGES/libc.mo
7f89aa470000-7f89aa666000 rw-p 00000000 00:00 0 
7f89aa666000-7f89aa670000 ---p 00000000 00:00 0 
7f89aa670000-7f89aa870000 rw-p 00000000 00:00 0 
7f89aa870000-7f89aa87b000 r--s 00081000 08:04 7943397                    /home/nox/.gradle/caches/modules-2/files-2.1/org.jetbrains.trove4j/trove4j/20160824/33c3e174a9c8368d93761d3d12712db18e903959/trove4j-20160824.jar
7f89aa87b000-7f89aa8fe000 r--s 00758000 08:04 7943401                    /home/nox/.gradle/caches/modules-2/files-2.1/com.android.tools.external.com-intellij/intellij-core/26.0.1/a373ed549821cb9a932b87c79792790f6d018727/intellij-core-26.0.1.jar
7f89aa8fe000-7f89aa904000 r--s 00033000 08:04 7943395                    /home/nox/.gradle/caches/modules-2/files-2.1/commons-codec/commons-codec/1.6/b7f0fc8f61ecadeb3695f0b9464755eee44374d4/commons-codec-1.6.jar
7f89aa904000-7f89aa906000 r--s 0000d000 08:04 7426556                    /home/nox/.gradle/caches/modules-2/files-2.1/commons-logging/commons-logging/1.1.1/5043bfebc3db072ed80fbd362e7caf00e885d8ae/commons-logging-1.1.1.jar
7f89aa906000-7f89aa90c000 r--s 00032000 08:04 7943393                    /home/nox/.gradle/caches/modules-2/files-2.1/org.apache.httpcomponents/httpcore/4.2.5/472f0f5f8dba5d1962cb9d7739feed739a31c30d/httpcore-4.2.5.jar
7f89aa90c000-7f89aa90d000 r--s 00004000 08:04 7943391                    /home/nox/.gradle/caches/modules-2/files-2.1/com.intellij/annotations/12.0/bbcf6448f6d40abe506e2c83b70a3e8bfd2b4539/annotations-12.0.jar
7f89aa90d000-7f89aa90e000 r--s 00000000 08:04 7943389                    /home/nox/.gradle/caches/modules-2/files-2.1/org.codehaus.mojo/animal-sniffer-annotations/1.14/775b7e22fb10026eed3f86e8dc556dfafe35f2d5/animal-sniffer-annotations-1.14.jar
7f89aa90e000-7f89aa910000 r--s 00001000 08:04 7943387                    /home/nox/.gradle/caches/modules-2/files-2.1/com.google.j2objc/j2objc-annotations/1.1/976d8d30bebc251db406f2bdb3eb01962b5685b3/j2objc-annotations-1.1.jar
7f89aa910000-7f89aa911000 r--s 00002000 08:04 7943385                    /home/nox/.gradle/caches/modules-2/files-2.1/com.google.errorprone/error_prone_annotations/2.0.18/5f65affce1684999e2f4024983835efc3504012e/error_prone_annotations-2.0.18.jar
7f89aa911000-7f89aa914000 r--s 00006000 08:04 5216399                    /home/nox/.gradle/caches/modules-2/files-2.1/com.google.code.findbugs/jsr305/1.3.9/40719ea6961c0cb6afaeb6a921eaa1f6afd4cfdf/jsr305-1.3.9.jar
7f89aa914000-7f89aa915000 r--s 0000a000 08:04 7943383                    /home/nox/.gradle/caches/modules-2/files-2.1/net.sf.kxml/kxml2/2.3.0/ccbc77a5fd907ef863c29f3596c6f54ffa4e9442/kxml2-2.3.0.jar
7f89aa915000-7f89aa917000 r--s 00005000 08:04 7943379                    /home/nox/.gradle/caches/modules-2/files-2.1/org.apache.httpcomponents/httpmime/4.1/9ba2dcdf94ce35c8a8e9bff242db0618ca932e92/httpmime-4.1.jar
7f89aa917000-7f89aa921000 r--s 00061000 08:04 7943381                    /home/nox/.gradle/caches/modules-2/files-2.1/org.apache.httpcomponents/httpclient/4.2.6/e4ca30a6a3a075053a61c6fc850d2432dc012ba7/httpclient-4.2.6.jar
7f89aa921000-7f89aa92a000 r--s 00064000 08:04 5091368                    /home/nox/.gradle/caches/modules-2/files-2.1/org.apache.commons/commons-compress/1.12/84caa68576e345eb5e7ae61a0e5a9229eb100d7b/commons-compress-1.12.jar
7f89aa92a000-7f89aa92f000 r--s 0002e000 08:04 7943377                    /home/nox/.gradle/caches/modules-2/files-2.1/com.google.code.gson/gson/2.3/5fc52c41ef0239d1093a1eb7c3697036183677ce/gson-2.3.jar
7f89aa92f000-7f89aa93f000 r--s 000d6000 08:04 6131668                    /home/nox/.gradle/caches/modules-2/files-2.1/net.sf.proguard/proguard-base/5.3.3/988b6b0636ce343d4962b3b37f6319dcc6e99a61/proguard-base-5.3.3.jar
7f89aa93f000-7f89aa941000 r--s 00003000 08:04 7943375                    /home/nox/.gradle/caches/modules-2/files-2.1/org.jetbrains/annotations/13.0/919f0dfe192fb4e063e7dacadee7f8bb9a2672a9/annotations-13.0.jar
7f89aa941000-7f89aa942000 r--s 00001000 08:04 7037872                    /home/nox/.gradle/caches/modules-2/files-2.1/com.android.tools/annotations/26.0.1/29012758503f56c7dc0714eda494f7f140fd3db8/annotations-26.0.1.jar
7f89aa942000-7f89aa945000 r--s 00033000 08:04 7943371                    /home/nox/.gradle/caches/modules-2/files-2.1/com.googlecode.juniversalchardet/juniversalchardet/1.0.3/cd49678784c46aa8789c060538e0154013bb421b/juniversalchardet-1.0.3.jar
7f89aa945000-7f89aa949000 r--s 0002a000 08:04 7943373                    /home/nox/.gradle/caches/modules-2/files-2.1/commons-io/commons-io/2.4/b1b6ea3b7e4aa4f492509a4952029cd8e48019ad/commons-io-2.4.jar
7f89aa949000-7f89aa960000 r--s 00154000 08:04 7943369                    /home/nox/.gradle/caches/modules-2/files-2.1/org.antlr/antlr4/4.5.3/f35db7e4b2446e4174ba6a73db7bd6b3e6bb5da1/antlr4-4.5.3.jar
7f89aa960000-7f89aa961000 r--s 00003000 08:04 5873833                    /home/nox/.gradle/caches/modules-2/files-2.1/com.android.databinding/baseLibrary/3.0.1/cc0483d84342e82c261aeb5fd0ef2f876b587489/baseLibrary-3.0.1.jar
7f89aa961000-7f89aa991000 r--s 00245000 08:04 7037870                    /home/nox/.gradle/caches/modules-2/files-2.1/com.google.guava/guava/22.0/3564ef3803de51fb0530a8377ec6100b33b0d073/guava-22.0.jar
7f89aa991000-7f89aa999000 r--s 000a8000 08:04 7943367                    /home/nox/.gradle/caches/modules-2/files-2.1/com.android.tools.external.lombok/lombok-ast/0.2.3/528b6f8bde3157f17530aa366631f2aad2a6cf9/lombok-ast-0.2.3.jar
7f89aa999000-7f89aa99d000 r--s 0002f000 08:04 7943363                    /home/nox/.gradle/caches/modules-2/files-2.1/com.google.jimfs/jimfs/1.1/8fbd0579dc68aba6186935cc1bee21d2f3e7ec1c/jimfs-1.1.jar
7f89aa99d000-7f89aa9b0000 r--s 00241000 08:04 7943365                    /home/nox/.gradle/caches/modules-2/files-2.1/org.eclipse.jdt.core.compiler/ecj/4.6.1/5555607add54eb79c5a0729134e663fe2e6300c2/ecj-4.6.1.jar
7f89aa9b0000-7f89aa9b1000 r--s 00003000 08:04 7943361                    /home/nox/.gradle/caches/modules-2/files-2.1/com.googlecode.json-simple/json-simple/1.1/5e303a03d04e6788dddfa3655272580ae0fc13bb/json-simple-1.1.jar
7f89aa9b1000-7f89aaad6000 r--s 00f5d000 08:04 7943399                    /home/nox/.gradle/caches/modules-2/files-2.1/it.unimi.dsi/fastutil/7.2.0/5ad3a2bb04143f70aa0765fc29fc29571a7d6b34/fastutil-7.2.0.jar
7f89aaad6000-7f89aab21000 r--s 002ff000 08:04 7943359                    /home/nox/.gradle/caches/modules-2/files-2.1/org.bouncycastle/bcprov-jdk15on/1.56/a153c6f9744a3e9dd6feab5e210e1c9861362ec7/bcprov-jdk15on-1.56.jar
7f89aab21000-7f89aab32000 r--s 00097000 08:04 7943357                    /home/nox/.gradle/caches/modules-2/files-2.1/org.bouncycastle/bcpkix-jdk15on/1.56/4648af70268b6fdb24674fb1fd7c1fcc73db1231/bcpkix-jdk15on-1.56.jar
7f89aab32000-7f89aab34000 r--s 00002000 08:04 4958494                    /home/nox/.gradle/caches/modules-2/files-2.1/com.squareup/javawriter/2.5.0/81241ff7078ef14f42ea2a8995fa09c096256e6b/javawriter-2.5.0.jar
7f89aab34000-7f89aab39000 r--s 0003b000 08:04 7426554                    /home/nox/.gradle/caches/modules-2/files-2.1/com.android.tools.build/apksig/3.0.1/535b9323a1bd47e3a9c860d11f4e11a80db13f2b/apksig-3.0.1.jar
7f89aab39000-7f89aab3c000 r--s 00024000 08:04 7037868                    /home/nox/.gradle/caches/modules-2/files-2.1/com.android.tools/common/26.0.1/38e362a43a905b6745d609bea37faddb0c5bffab/common-26.0.1.jar
7f89aab3c000-7f89aab3e000 r--s 00006000 08:04 7943355                    /home/nox/.gradle/caches/modules-2/files-2.1/com.android.tools/dvlib/26.0.1/46f3eeaf812811374b4ea2c49ad52687a7ff6a87/dvlib-26.0.1.jar
7f89aab3e000-7f89aab41000 r--s 00014000 08:04 7943353                    /home/nox/.gradle/caches/modules-2/files-2.1/com.android.tools.layoutlib/layoutlib-api/26.0.1/4eb1f46803873ff996f2457d1dd64c5c305818d8/layoutlib-api-26.0.1.jar
7f89aab41000-7f89aab46000 r--s 0004d000 08:04 6910624                    /home/nox/.gradle/caches/modules-2/files-2.1/com.android.tools.ddms/ddmlib/26.0.1/d4bcdb3a578812688ccc34f1359702601fea955d/ddmlib-26.0.1.jar
7f89aab46000-7f89aab47000 r--s 00003000 08:04 6396618                    /home/nox/.gradle/caches/modules-2/files-2.1/com.android.tools.build/builder-test-api/3.0.1/5f084a2888a7f638c4c89c3278760345b1fb4c8/builder-test-api-3.0.1.jar
7f89aab47000-7f89aab4a000 r--s 00007000 08:04 5865585                    /home/nox/.gradle/caches/modules-2/files-2.1/com.android.tools.build/builder-model/3.0.1/e9de7e34339a8eb90fda30ac6bf580d5f2c4f282/builder-model-3.0.1.jar
7f89aab4a000-7f89aab59000 r--s 00130000 08:04 6131666                    /home/nox/.gradle/caches/modules-2/files-2.1/com.google.protobuf/protobuf-java/3.0.0/6d325aa7c921661d84577c0a93d82da4df9fa4c8/protobuf-java-3.0.0.jar
7f89aab59000-7f89aad59000 rw-p 00000000 00:00 0 
7f89aad59000-7f89aad5c000 ---p 00000000 00:00 0 
7f89aad5c000-7f89aae5a000 rw-p 00000000 00:00 0 
7f89aae5a000-7f89aae5d000 ---p 00000000 00:00 0 
7f89aae5d000-7f89aaf5b000 rw-p 00000000 00:00 0 
7f89aaf5b000-7f89aaf5e000 ---p 00000000 00:00 0 
7f89aaf5e000-7f89ab05c000 rw-p 00000000 00:00 0 
7f89ab05c000-7f89ab05f000 ---p 00000000 00:00 0 
7f89ab05f000-7f89ab35d000 rw-p 00000000 00:00 0 
7f89ab35d000-7f89ab55d000 rw-p 00000000 00:00 0 
7f89ab55d000-7f89ab75d000 rw-p 00000000 00:00 0 
7f89ab75d000-7f89ab95d000 rw-p 00000000 00:00 0 
7f89ab95d000-7f89ab970000 r--s 001a8000 08:04 7169406                    /home/nox/.gradle/caches/modules-2/files-2.1/com.android.tools.analytics-library/protos/26.0.1/7719e7ed7498e25ec555bdfcb7a4de0e88a47ea/protos-26.0.1.jar
7f89ab970000-7f89ab971000 r--s 00005000 08:04 7297659                    /home/nox/.gradle/caches/modules-2/files-2.1/com.android.tools.analytics-library/shared/26.0.1/5cfc3811c2fd6cddfce2ec1bb5fbbec87e0fc462/shared-26.0.1.jar
7f89ab971000-7f89ab973000 r--s 00004000 08:04 7555941                    /home/nox/.gradle/caches/modules-2/files-2.1/com.android.tools.analytics-library/tracker/26.0.1/15f0c0560c8a97700651d2dd5219937baa80c166/tracker-26.0.1.jar
7f89ab973000-7f89ab975000 r--s 00002000 08:04 5739223                    /home/nox/.gradle/caches/modules-2/files-2.1/net.sf.proguard/proguard-gradle/5.3.3/ad23a0505f58d0dfc95bb1472decc397460406c9/proguard-gradle-5.3.3.jar
7f89ab975000-7f89ab977000 r--s 0000f000 08:04 5739219                    /home/nox/.gradle/caches/modules-2/files-2.1/net.sf.jopt-simple/jopt-simple/4.9/ee9e9eaa0a35360dcfeac129ff4923215fd65904/jopt-simple-4.9.jar
7f89ab977000-7f89ab97b000 r--s 0001e000 08:04 5865545                    /home/nox/.gradle/caches/modules-2/files-2.1/org.jacoco/org.jacoco.core/0.7.4.201502262128/31482f50411a3a5769b6c78fa9b97ba731c205e7/org.jacoco.core-0.7.4.201502262128.jar
7f89ab97b000-7f89ab97e000 r--s 00020000 08:04 5739221                    /home/nox/.gradle/caches/modules-2/files-2.1/org.jacoco/org.jacoco.report/0.7.4.201502262128/5c6bb5f95ae695dc4510b95f7d5ad0397e4881ad/org.jacoco.report-0.7.4.201502262128.jar
7f89ab97e000-7f89ab980000 r--s 0000c000 08:04 7691974                    /home/nox/.gradle/caches/modules-2/files-2.1/org.ow2.asm/asm/5.1/5ef31c4fe953b1fd00b8a88fa1d6820e8785bb45/asm-5.1.jar
7f89ab980000-7f89ab982000 r--s 00006000 08:04 7943351                    /home/nox/.gradle/caches/modules-2/files-2.1/org.ow2.asm/asm-tree/5.1/87b38c12a0ea645791ead9d3e74ae5268d1d6c34/asm-tree-5.1.jar
7f89ab982000-7f89ab983000 r--s 0000a000 08:04 7943347                    /home/nox/.gradle/caches/modules-2/files-2.1/org.ow2.asm/asm-util/5.1/b60e33a6bd0d71831e0c249816d01e6c1dd90a47/asm-util-5.1.jar
7f89ab983000-7f89ab992000 r--s 000c8000 08:04 6650595                    /home/nox/.gradle/caches/modules-2/files-2.1/org.jetbrains.kotlin/kotlin-stdlib/1.1.3-2/9b44c139a4ec57031e0c84ba0e49ba16df6d801c/kotlin-stdlib-1.1.3-2.jar
7f89ab992000-7f89ab9c4000 r--s 0021b000 08:04 6523447                    /home/nox/.gradle/caches/modules-2/files-2.1/org.jetbrains.kotlin/kotlin-reflect/1.1.3-2/2104f139db2a2d230c529b004c34a0993c4c2f19/kotlin-reflect-1.1.3-2.jar
7f89ab9c4000-7f89ab9ca000 r--s 00030000 08:04 7943343                    /home/nox/.gradle/caches/modules-2/files-2.1/com.android.tools/repository/26.0.1/bc0dfe02af8d075f6b7ad63a202ed4c63a6a647d/repository-26.0.1.jar
7f89ab9ca000-7f89ab9d9000 r--s 000da000 08:04 6779986                    /home/nox/.gradle/caches/modules-2/files-2.1/com.android.tools/sdk-common/26.0.1/9ddd2fa552e7b49548c421c0be4e65dc9a245f69/sdk-common-26.0.1.jar
7f89ab9d9000-7f89abbd9000 rw-p 00000000 00:00 0 
7f89abbd9000-7f89abdd9000 rw-p 00000000 00:00 0 
7f89abdd9000-7f89abddb000 r--s 0000a000 08:04 7943349                    /home/nox/.gradle/caches/modules-2/files-2.1/org.ow2.asm/asm-commons/5.1/25d8a575034dd9cfcb375a39b5334f0ba9c8474e/asm-commons-5.1.jar
7f89abddb000-7f89abddc000 r--s 00004000 08:04 7943345                    /home/nox/.gradle/caches/modules-2/files-2.1/org.ow2.asm/asm-analysis/5.1/6d1bf8989fc7901f868bee3863c44f21aa63d110/asm-analysis-5.1.jar
7f89abddc000-7f89abde7000 r--s 0009b000 08:04 6396616                    /home/nox/.gradle/caches/modules-2/files-2.1/com.android.tools/sdklib/26.0.1/bdb4723f8e3791f1d3911b1f191acf25840f352a/sdklib-26.0.1.jar
7f89abde7000-7f89abdeb000 r--s 00023000 08:04 7037866                    /home/nox/.gradle/caches/modules-2/files-2.1/com.android.tools.build/manifest-merger/26.0.1/700cbb1ed4066f48d4970f5669c44a51bd03142/manifest-merger-26.0.1.jar
7f89abdeb000-7f89abdef000 r--s 0002e000 08:04 5739215                    /home/nox/.gradle/caches/modules-2/files-2.1/com.android.databinding/compilerCommon/3.0.1/7f51b3e1636063e491131a0b0436512131cb1bdc/compilerCommon-3.0.1.jar
7f89abdef000-7f89abdfe000 r--s 000cb000 08:04 5349793                    /home/nox/.gradle/caches/modules-2/files-2.1/com.android.tools.external.org-jetbrains/uast/26.0.1/663906c592ce867fa2e9bcbffbe2130397078132/uast-26.0.1.jar
7f89abdfe000-7f89abe01000 ---p 00000000 00:00 0 
7f89abe01000-7f89abeff000 rw-p 00000000 00:00 0 
7f89abeff000-7f89abf02000 ---p 00000000 00:00 0 
7f89abf02000-7f89ac000000 rw-p 00000000 00:00 0 
7f89ac000000-7f89ac021000 rw-p 00000000 00:00 0 
7f89ac021000-7f89b0000000 ---p 00000000 00:00 0 
7f89b0000000-7f89b0032000 rw-p 00000000 00:00 0 
7f89b0032000-7f89b4000000 ---p 00000000 00:00 0 
7f89b4000000-7f89b57bf000 rw-p 00000000 00:00 0 
7f89b57bf000-7f89b8000000 ---p 00000000 00:00 0 
7f89b8000000-7f89b8021000 rw-p 00000000 00:00 0 
7f89b8021000-7f89bc000000 ---p 00000000 00:00 0 
7f89bc000000-7f89bc066000 rw-p 00000000 00:00 0 
7f89bc066000-7f89c0000000 ---p 00000000 00:00 0 
7f89c0000000-7f89c0021000 rw-p 00000000 00:00 0 
7f89c0021000-7f89c4000000 ---p 00000000 00:00 0 
7f89c4000000-7f89c4043000 rw-p 00000000 00:00 0 
7f89c4043000-7f89c8000000 ---p 00000000 00:00 0 
7f89c8000000-7f89c8047000 rw-p 00000000 00:00 0 
7f89c8047000-7f89cc000000 ---p 00000000 00:00 0 
7f89cc000000-7f89cc021000 rw-p 00000000 00:00 0 
7f89cc021000-7f89d0000000 ---p 00000000 00:00 0 
7f89d0000000-7f89d006e000 rw-p 00000000 00:00 0 
7f89d006e000-7f89d4000000 ---p 00000000 00:00 0 
7f89d4000000-7f89d4cdf000 rw-p 00000000 00:00 0 
7f89d4cdf000-7f89d8000000 ---p 00000000 00:00 0 
7f89d8000000-7f89d8021000 rw-p 00000000 00:00 0 
7f89d8021000-7f89dc000000 ---p 00000000 00:00 0 
7f89dc000000-7f89dd989000 rw-p 00000000 00:00 0 
7f89dd989000-7f89e0000000 ---p 00000000 00:00 0 
7f89e0000000-7f89e1c54000 rw-p 00000000 00:00 0 
7f89e1c54000-7f89e4000000 ---p 00000000 00:00 0 
7f89e4000000-7f89e4021000 rw-p 00000000 00:00 0 
7f89e4021000-7f89e8000000 ---p 00000000 00:00 0 
7f89e8000000-7f89e8001000 r--s 00000000 08:04 5739217                    /home/nox/.gradle/caches/modules-2/files-2.1/com.android.tools.build/transform-api/2.0.0-deprecated-use-gradle-api/47f6c56527c42425742fa9b56ffd3fd80763fe03/transform-api-2.0.0-deprecated-use-gradle-api.jar
7f89e8001000-7f89e8003000 r--s 00003000 08:04 5489090                    /home/nox/.gradle/caches/modules-2/files-2.1/com.android.tools.build/gradle-api/3.0.1/92640ae3c543aa3faee7b954ce641d03949d4401/gradle-api-3.0.1.jar
7f89e8003000-7f89e800a000 r--s 0007f000 08:04 5489086                    /home/nox/.gradle/caches/modules-2/files-2.1/com.android.tools.lint/lint-api/26.0.1/2d4dd9f4676fbb152e4baf6f6f4cbbb868521832/lint-api-26.0.1.jar
7f89e800a000-7f89e8013000 r--s 000ff000 08:04 5489088                    /home/nox/.gradle/caches/modules-2/files-2.1/com.android.tools.lint/lint-checks/26.0.1/a5df32c64598e190808accaa03820fb9db9f8201/lint-checks-26.0.1.jar
7f89e8013000-7f89e8016000 r--s 00039000 08:04 5349791                    /home/nox/.gradle/caches/modules-2/files-2.1/com.android.tools.lint/lint/26.0.1/541bfb082a95a3b55d0158d69b067f1d7c623122/lint-26.0.1.jar
7f89e8016000-7f89e8046000 r--s 01983000 08:04 5489092                    /home/nox/.gradle/caches/modules-2/files-2.1/com.android.tools.build/builder/3.0.1/1f896967507729bb35ac727c03d3b9306fe87b7d/builder-3.0.1.jar
7f89e8046000-7f89e8069000 r--s 0020b000 08:04 5619008                    /home/nox/.gradle/caches/modules-2/files-2.1/com.android.tools.build/gradle-core/3.0.1/c2945119335b491ca56e4042f7c8c55dccf5c9c2/gradle-core-3.0.1.jar
7f89e8069000-7f89e806b000 r--s 0000f000 08:04 5349789                    /home/nox/.gradle/caches/modules-2/files-2.1/com.android.tools.build/gradle/3.0.1/cfa107d4db0c11c11f445a11e768adf61c72ce06/gradle-3.0.1.jar
7f89e806b000-7f89e80e4000 r--s 010fd000 08:04 3002957                    /opt/android-studio/jre/lib/tools.jar
7f89e80e4000-7f89e80e7000 ---p 00000000 00:00 0 
7f89e80e7000-7f89e81e5000 rw-p 00000000 00:00 0 
7f89e81e5000-7f89e81e8000 ---p 00000000 00:00 0 
7f89e81e8000-7f89e84e6000 rw-p 00000000 00:00 0 
7f89e84e6000-7f89e84e9000 ---p 00000000 00:00 0 
7f89e84e9000-7f89e85e7000 rw-p 00000000 00:00 0 
7f89e85e7000-7f89e85ea000 ---p 00000000 00:00 0 
7f89e85ea000-7f89e86e8000 rw-p 00000000 00:00 0 
7f89e86e8000-7f89e86eb000 ---p 00000000 00:00 0 
7f89e86eb000-7f89e87e9000 rw-p 00000000 00:00 0 
7f89e87e9000-7f89e87ec000 ---p 00000000 00:00 0 
7f89e87ec000-7f89e88ea000 rw-p 00000000 00:00 0 
7f89e88ea000-7f89e88ed000 ---p 00000000 00:00 0 
7f89e88ed000-7f89e89eb000 rw-p 00000000 00:00 0 
7f89e89eb000-7f89e89ee000 ---p 00000000 00:00 0 
7f89e89ee000-7f89e8aec000 rw-p 00000000 00:00 0 
7f89e8aec000-7f89e8aef000 ---p 00000000 00:00 0 
7f89e8aef000-7f89e8bed000 rw-p 00000000 00:00 0 
7f89e8bed000-7f89e8bf0000 ---p 00000000 00:00 0 
7f89e8bf0000-7f89e8cee000 rw-p 00000000 00:00 0 
7f89e8cee000-7f89e8cf3000 r--s 0009a000 08:04 2607124                    /opt/android-studio/jre/jre/lib/jsse.jar
7f89e8cf3000-7f89e8ef3000 rw-p 00000000 00:00 0 
7f89e8ef3000-7f89e8efc000 r-xp 00000000 08:04 2607101                    /opt/android-studio/jre/jre/lib/amd64/libmanagement.so
7f89e8efc000-7f89e90fb000 ---p 00009000 08:04 2607101                    /opt/android-studio/jre/jre/lib/amd64/libmanagement.so
7f89e90fb000-7f89e90fc000 r--p 00008000 08:04 2607101                    /opt/android-studio/jre/jre/lib/amd64/libmanagement.so
7f89e90fc000-7f89e90fd000 rw-p 00009000 08:04 2607101                    /opt/android-studio/jre/jre/lib/amd64/libmanagement.so
7f89e90fd000-7f89e90ff000 r--s 00007000 08:04 2743340                    /home/nox/.gradle/wrapper/dists/gradle-4.1-all/bzyivzo6n839fup2jbap0tjew/gradle-4.1/lib/plugins/gradle-tooling-api-builders-4.1.jar
7f89e90ff000-7f89e9102000 r--s 00009000 08:04 2743350                    /home/nox/.gradle/wrapper/dists/gradle-4.1-all/bzyivzo6n839fup2jbap0tjew/gradle-4.1/lib/plugins/gradle-testing-native-4.1.jar
7f89e9102000-7f89e9104000 r--s 00009000 08:04 2743423                    /home/nox/.gradle/wrapper/dists/gradle-4.1-all/bzyivzo6n839fup2jbap0tjew/gradle-4.1/lib/plugins/hamcrest-core-1.3.jar
7f89e9104000-7f89e9109000 r--s 00040000 08:04 2743418                    /home/nox/.gradle/wrapper/dists/gradle-4.1-all/bzyivzo6n839fup2jbap0tjew/gradle-4.1/lib/plugins/bsh-2.0b4.jar
7f89e9109000-7f89e910b000 r--s 00006000 08:04 2743419                    /home/nox/.gradle/wrapper/dists/gradle-4.1-all/bzyivzo6n839fup2jbap0tjew/gradle-4.1/lib/plugins/jcommander-1.12.jar
7f89e910b000-7f89e9111000 r--s 00033000 08:04 2743420                    /home/nox/.gradle/wrapper/dists/gradle-4.1-all/bzyivzo6n839fup2jbap0tjew/gradle-4.1/lib/plugins/snakeyaml-1.6.jar
7f89e9111000-7f89e911a000 r--s 00089000 08:04 2743378                    /home/nox/.gradle/wrapper/dists/gradle-4.1-all/bzyivzo6n839fup2jbap0tjew/gradle-4.1/lib/plugins/testng-6.3.1.jar
7f89e911a000-7f89e9122000 r--s 00045000 08:04 2743379                    /home/nox/.gradle/wrapper/dists/gradle-4.1-all/bzyivzo6n839fup2jbap0tjew/gradle-4.1/lib/plugins/junit-4.12.jar
7f89e9122000-7f89e9128000 r--s 0002e000 08:04 2743346                    /home/nox/.gradle/wrapper/dists/gradle-4.1-all/bzyivzo6n839fup2jbap0tjew/gradle-4.1/lib/plugins/gradle-testing-jvm-4.1.jar
7f89e9128000-7f89e912c000 r--s 00017000 08:04 2743354                    /home/nox/.gradle/wrapper/dists/gradle-4.1-all/bzyivzo6n839fup2jbap0tjew/gradle-4.1/lib/plugins/gradle-testing-base-4.1.jar
7f89e912c000-7f89e9133000 r--s 00038000 08:04 2743374                    /home/nox/.gradle/wrapper/dists/gradle-4.1-all/bzyivzo6n839fup2jbap0tjew/gradle-4.1/lib/plugins/bcpg-jdk15on-1.51.jar
7f89e9133000-7f89e9135000 r--s 0000c000 08:04 2743325                    /home/nox/.gradle/wrapper/dists/gradle-4.1-all/bzyivzo6n839fup2jbap0tjew/gradle-4.1/lib/plugins/gradle-signing-4.1.jar
7f89e9135000-7f89e9137000 r--s 00007000 08:04 2743331                    /home/nox/.gradle/wrapper/dists/gradle-4.1-all/bzyivzo6n839fup2jbap0tjew/gradle-4.1/lib/plugins/gradle-scala-4.1.jar
7f89e9137000-7f89e9138000 r--s 00004000 08:04 2743362                    /home/nox/.gradle/wrapper/dists/gradle-4.1-all/bzyivzo6n839fup2jbap0tjew/gradle-4.1/lib/plugins/gradle-resources-sftp-4.1.jar
7f89e9138000-7f89e9148000 r--s 00088000 08:04 2743391                    /home/nox/.gradle/wrapper/dists/gradle-4.1-all/bzyivzo6n839fup2jbap0tjew/gradle-4.1/lib/plugins/joda-time-2.8.2.jar
7f89e9148000-7f89e9159000 r--s 0010d000 08:04 2743390                    /home/nox/.gradle/wrapper/dists/gradle-4.1-all/bzyivzo6n839fup2jbap0tjew/gradle-4.1/lib/plugins/jackson-databind-2.6.6.jar
7f89e9159000-7f89e915c000 r--s 00009000 08:04 2743389                    /home/nox/.gradle/wrapper/dists/gradle-4.1-all/bzyivzo6n839fup2jbap0tjew/gradle-4.1/lib/plugins/jackson-annotations-2.6.6.jar
7f89e915c000-7f89e9160000 r--s 0003c000 08:04 2743388                    /home/nox/.gradle/wrapper/dists/gradle-4.1-all/bzyivzo6n839fup2jbap0tjew/gradle-4.1/lib/plugins/jackson-core-2.6.6.jar
7f89e9160000-7f89e916e000 r--s 00087000 08:04 2743387                    /home/nox/.gradle/wrapper/dists/gradle-4.1-all/bzyivzo6n839fup2jbap0tjew/gradle-4.1/lib/plugins/aws-java-sdk-core-1.11.6.jar
7f89e916e000-7f89e9175000 r--s 00057000 08:04 2743386                    /home/nox/.gradle/wrapper/dists/gradle-4.1-all/bzyivzo6n839fup2jbap0tjew/gradle-4.1/lib/plugins/aws-java-sdk-kms-1.11.6.jar
7f89e9175000-7f89e9182000 r--s 0008e000 08:04 2743385                    /home/nox/.gradle/wrapper/dists/gradle-4.1-all/bzyivzo6n839fup2jbap0tjew/gradle-4.1/lib/plugins/aws-java-sdk-s3-1.11.6.jar
7f89e9182000-7f89e9184000 r--s 00004000 08:04 2743359                    /home/nox/.gradle/wrapper/dists/gradle-4.1-all/bzyivzo6n839fup2jbap0tjew/gradle-4.1/lib/plugins/gradle-resources-s3-4.1.jar
7f89e9184000-7f89e9186000 r--s 00010000 08:04 2743355                    /home/nox/.gradle/wrapper/dists/gradle-4.1-all/bzyivzo6n839fup2jbap0tjew/gradle-4.1/lib/plugins/gradle-reporting-4.1.jar
7f89e9186000-7f89e9188000 r--s 00002000 08:04 2743356                    /home/nox/.gradle/wrapper/dists/gradle-4.1-all/bzyivzo6n839fup2jbap0tjew/gradle-4.1/lib/plugins/gradle-publish-4.1.jar
7f89e9188000-7f89e918a000 r--s 00009000 08:04 2743367                    /home/nox/.gradle/wrapper/dists/gradle-4.1-all/bzyivzo6n839fup2jbap0tjew/gradle-4.1/lib/plugins/commons-cli-1.2.jar
7f89e918a000-7f89e9190000 r--s 00036000 08:04 2743339                    /home/nox/.gradle/wrapper/dists/gradle-4.1-all/bzyivzo6n839fup2jbap0tjew/gradle-4.1/lib/plugins/gradle-plugins-4.1.jar
7f89e9190000-7f89e9192000 r--s 00009000 08:04 2743326                    /home/nox/.gradle/wrapper/dists/gradle-4.1-all/bzyivzo6n839fup2jbap0tjew/gradle-4.1/lib/plugins/gradle-plugin-development-4.1.jar
7f89e9192000-7f89e9198000 r--s 0002b000 08:04 2743334                    /home/nox/.gradle/wrapper/dists/gradle-4.1-all/bzyivzo6n839fup2jbap0tjew/gradle-4.1/lib/plugins/gradle-platform-play-4.1.jar
7f89e9198000-7f89e91a7000 r--s 0005b000 08:04 2743352                    /home/nox/.gradle/wrapper/dists/gradle-4.1-all/bzyivzo6n839fup2jbap0tjew/gradle-4.1/lib/plugins/gradle-platform-native-4.1.jar
7f89e91a7000-7f89e91ab000 r--s 0001b000 08:04 2743349                    /home/nox/.gradle/wrapper/dists/gradle-4.1-all/bzyivzo6n839fup2jbap0tjew/gradle-4.1/lib/plugins/gradle-platform-jvm-4.1.jar
7f89e91ab000-7f89e91b3000 r--s 00027000 08:04 2743357                    /home/nox/.gradle/wrapper/dists/gradle-4.1-all/bzyivzo6n839fup2jbap0tjew/gradle-4.1/lib/plugins/gradle-platform-base-4.1.jar
7f89e91b3000-7f89e91db000 r--s 0021c000 08:04 2743368                    /home/nox/.gradle/wrapper/dists/gradle-4.1-all/bzyivzo6n839fup2jbap0tjew/gradle-4.1/lib/plugins/biz.aQute.bndlib-3.2.0.jar
7f89e91db000-7f89e91dc000 r--s 00004000 08:04 2743324                    /home/nox/.gradle/wrapper/dists/gradle-4.1-all/bzyivzo6n839fup2jbap0tjew/gradle-4.1/lib/plugins/gradle-osgi-4.1.jar
7f89e91dc000-7f89e91df000 r--s 0000c000 08:04 2743371                    /home/nox/.gradle/wrapper/dists/gradle-4.1-all/bzyivzo6n839fup2jbap0tjew/gradle-4.1/lib/plugins/pmaven-groovy-0.8-20100325.jar
7f89e91df000-7f89e91e0000 r--s 00004000 08:04 2743370                    /home/nox/.gradle/wrapper/dists/gradle-4.1-all/bzyivzo6n839fup2jbap0tjew/gradle-4.1/lib/plugins/pmaven-common-0.8-20100325.jar
7f89e91e0000-7f89e91e6000 r--s 00023000 08:04 2743327                    /home/nox/.gradle/wrapper/dists/gradle-4.1-all/bzyivzo6n839fup2jbap0tjew/gradle-4.1/lib/plugins/gradle-maven-4.1.jar
7f89e91e6000-7f89e91e9000 r--s 0000b000 08:04 2743345                    /home/nox/.gradle/wrapper/dists/gradle-4.1-all/bzyivzo6n839fup2jbap0tjew/gradle-4.1/lib/plugins/gradle-language-scala-4.1.jar
7f89e91e9000-7f89e91f0000 r--s 00020000 08:04 2743351                    /home/nox/.gradle/wrapper/dists/gradle-4.1-all/bzyivzo6n839fup2jbap0tjew/gradle-4.1/lib/plugins/gradle-language-native-4.1.jar
7f89e91f0000-7f89e91f2000 r--s 00005000 08:04 2743348                    /home/nox/.gradle/wrapper/dists/gradle-4.1-all/bzyivzo6n839fup2jbap0tjew/gradle-4.1/lib/plugins/gradle-language-jvm-4.1.jar
7f89e91f2000-7f89e91f9000 r--s 0002f000 08:04 2743347                    /home/nox/.gradle/wrapper/dists/gradle-4.1-all/bzyivzo6n839fup2jbap0tjew/gradle-4.1/lib/plugins/gradle-language-java-4.1.jar
7f89e91f9000-7f89e91fc000 r--s 0000a000 08:04 2743344                    /home/nox/.gradle/wrapper/dists/gradle-4.1-all/bzyivzo6n839fup2jbap0tjew/gradle-4.1/lib/plugins/gradle-language-groovy-4.1.jar
7f89e91fc000-7f89e9203000 r--s 00035000 08:04 2743377                    /home/nox/.gradle/wrapper/dists/gradle-4.1-all/bzyivzo6n839fup2jbap0tjew/gradle-4.1/lib/plugins/simple-4.1.21.jar
7f89e9203000-7f89e920f000 r--s 00100000 08:04 2743375                    /home/nox/.gradle/wrapper/dists/gradle-4.1-all/bzyivzo6n839fup2jbap0tjew/gradle-4.1/lib/plugins/rhino-1.7R3.jar
7f89e920f000-7f89e9213000 r--s 00012000 08:04 2743335                    /home/nox/.gradle/wrapper/dists/gradle-4.1-all/bzyivzo6n839fup2jbap0tjew/gradle-4.1/lib/plugins/gradle-javascript-4.1.jar
7f89e9213000-7f89e9216000 r--s 00011000 08:04 2743337                    /home/nox/.gradle/wrapper/dists/gradle-4.1-all/bzyivzo6n839fup2jbap0tjew/gradle-4.1/lib/plugins/gradle-jacoco-4.1.jar
7f89e9216000-7f89e9219000 r--s 0000e000 08:04 2743336                    /home/nox/.gradle/wrapper/dists/gradle-4.1-all/bzyivzo6n839fup2jbap0tjew/gradle-4.1/lib/plugins/gradle-ivy-4.1.jar
7f89e9219000-7f89e921a000 r--s 00002000 08:04 2743328                    /home/nox/.gradle/wrapper/dists/gradle-4.1-all/bzyivzo6n839fup2jbap0tjew/gradle-4.1/lib/plugins/gradle-ide-play-4.1.jar
7f89e921a000-7f89e921d000 r--s 00013000 08:04 2743329                    /home/nox/.gradle/wrapper/dists/gradle-4.1-all/bzyivzo6n839fup2jbap0tjew/gradle-4.1/lib/plugins/gradle-ide-native-4.1.jar
7f89e921d000-7f89e9227000 r--s 00054000 08:04 2743330                    /home/nox/.gradle/wrapper/dists/gradle-4.1-all/bzyivzo6n839fup2jbap0tjew/gradle-4.1/lib/plugins/gradle-ide-4.1.jar
7f89e9227000-7f89e9229000 r--s 00007000 08:04 2743333                    /home/nox/.gradle/wrapper/dists/gradle-4.1-all/bzyivzo6n839fup2jbap0tjew/gradle-4.1/lib/plugins/gradle-ear-4.1.jar
7f89e9229000-7f89e922b000 r--s 00005000 08:04 2743365                    /home/nox/.gradle/wrapper/dists/gradle-4.1-all/bzyivzo6n839fup2jbap0tjew/gradle-4.1/lib/plugins/jatl-0.2.2.jar
7f89e922b000-7f89e9232000 r--s 00038000 08:04 2743353                    /home/nox/.gradle/wrapper/dists/gradle-4.1-all/bzyivzo6n839fup2jbap0tjew/gradle-4.1/lib/plugins/gradle-diagnostics-4.1.jar
7f89e9232000-7f89e9234000 r--s 0000b000 08:04 2743342                    /home/nox/.gradle/wrapper/dists/gradle-4.1-all/bzyivzo6n839fup2jbap0tjew/gradle-4.1/lib/plugins/gradle-composite-builds-4.1.jar
7f89e9234000-7f89e9239000 r--s 00025000 08:04 2743322                    /home/nox/.gradle/wrapper/dists/gradle-4.1-all/bzyivzo6n839fup2jbap0tjew/gradle-4.1/lib/plugins/gradle-code-quality-4.1.jar
7f89e9239000-7f89e923e000 r--s 00022000 08:04 2743338                    /home/nox/.gradle/wrapper/dists/gradle-4.1-all/bzyivzo6n839fup2jbap0tjew/gradle-4.1/lib/plugins/gradle-build-init-4.1.jar
7f89e923e000-7f89e9244000 r--s 0008e000 08:04 2743332                    /home/nox/.gradle/wrapper/dists/gradle-4.1-all/bzyivzo6n839fup2jbap0tjew/gradle-4.1/lib/plugins/gradle-build-comparison-4.1.jar
7f89e9244000-7f89e9245000 r--s 00002000 08:04 2743360                    /home/nox/.gradle/wrapper/dists/gradle-4.1-all/bzyivzo6n839fup2jbap0tjew/gradle-4.1/lib/plugins/gradle-build-cache-http-4.1.jar
7f89e9245000-7f89e9247000 r--s 00008000 08:04 2743323                    /home/nox/.gradle/wrapper/dists/gradle-4.1-all/bzyivzo6n839fup2jbap0tjew/gradle-4.1/lib/plugins/gradle-antlr-4.1.jar
7f89e9247000-7f89e9249000 r--s 00004000 08:04 2743343                    /home/nox/.gradle/wrapper/dists/gradle-4.1-all/bzyivzo6n839fup2jbap0tjew/gradle-4.1/lib/plugins/gradle-announce-4.1.jar
7f89e9249000-7f89e924b000 r--s 00008000 08:04 2743263                    /home/nox/.gradle/wrapper/dists/gradle-4.1-all/bzyivzo6n839fup2jbap0tjew/gradle-4.1/lib/gradle-kotlin-dsl-tooling-builders-0.10.3.jar
7f89e924b000-7f89e924e000 r--s 0001c000 08:04 2743381                    /home/nox/.gradle/wrapper/dists/gradle-4.1-all/bzyivzo6n839fup2jbap0tjew/gradle-4.1/lib/plugins/nekohtml-1.9.14.jar
7f89e924e000-7f89e9256000 r--s 00028000 08:04 2743422                    /home/nox/.gradle/wrapper/dists/gradle-4.1-all/bzyivzo6n839fup2jbap0tjew/gradle-4.1/lib/plugins/xml-apis-1.3.04.jar
7f89e9256000-7f89e926e000 r--s 00115000 08:04 2743382                    /home/nox/.gradle/wrapper/dists/gradle-4.1-all/bzyivzo6n839fup2jbap0tjew/gradle-4.1/lib/plugins/xercesImpl-2.9.1.jar
7f89e926e000-7f89e9274000 r--s 0005b000 08:04 2743380                    /home/nox/.gradle/wrapper/dists/gradle-4.1-all/bzyivzo6n839fup2jbap0tjew/gradle-4.1/lib/plugins/jcifs-1.3.17.jar
7f89e9274000-7f89e927b000 r--s 00049000 08:04 2743421                    /home/nox/.gradle/wrapper/dists/gradle-4.1-all/bzyivzo6n839fup2jbap0tjew/gradle-4.1/lib/plugins/httpcore-4.4.4.jar
7f89e927b000-7f89e9281000 r--s 00033000 08:04 2743373                    /home/nox/.gradle/wrapper/dists/gradle-4.1-all/bzyivzo6n839fup2jbap0tjew/gradle-4.1/lib/plugins/commons-codec-1.6.jar
7f89e9281000-7f89e928e000 r--s 000a4000 08:04 2743366                    /home/nox/.gradle/wrapper/dists/gradle-4.1-all/bzyivzo6n839fup2jbap0tjew/gradle-4.1/lib/plugins/httpclient-4.4.1.jar
7f89e928e000-7f89e9290000 r--s 0000b000 08:04 2743361                    /home/nox/.gradle/wrapper/dists/gradle-4.1-all/bzyivzo6n839fup2jbap0tjew/gradle-4.1/lib/plugins/gradle-resources-http-4.1.jar
7f89e9290000-7f89e9294000 r--s 00017000 08:04 2743358                    /home/nox/.gradle/wrapper/dists/gradle-4.1-all/bzyivzo6n839fup2jbap0tjew/gradle-4.1/lib/plugins/gradle-plugin-use-4.1.jar
7f89e9294000-7f89e9295000 r--s 00000000 08:04 2743269                    /home/nox/.gradle/wrapper/dists/gradle-4.1-all/bzyivzo6n839fup2jbap0tjew/gradle-4.1/lib/gradle-runtime-api-info-4.1.jar
7f89e9295000-7f89e9296000 r--s 00000000 08:04 2743272                    /home/nox/.gradle/wrapper/dists/gradle-4.1-all/bzyivzo6n839fup2jbap0tjew/gradle-4.1/lib/gradle-installation-beacon-4.1.jar
7f89e9296000-7f89e92d6000 r--s 00277000 08:04 2743393                    /home/nox/.gradle/wrapper/dists/gradle-4.1-all/bzyivzo6n839fup2jbap0tjew/gradle-4.1/lib/plugins/bcprov-jdk15on-1.51.jar
7f89e92d6000-7f89e92da000 r--s 0001d000 08:04 2743392                    /home/nox/.gradle/wrapper/dists/gradle-4.1-all/bzyivzo6n839fup2jbap0tjew/gradle-4.1/lib/plugins/xbean-reflect-3.4.jar
7f89e92da000-7f89e92dc000 r--s 0000a000 08:04 2743394                    /home/nox/.gradle/wrapper/dists/gradle-4.1-all/bzyivzo6n839fup2jbap0tjew/gradle-4.1/lib/plugins/maven-settings-3.0.4.jar
7f89e92dc000-7f89e92df000 r--s 00008000 08:04 2743395                    /home/nox/.gradle/wrapper/dists/gradle-4.1-all/bzyivzo6n839fup2jbap0tjew/gradle-4.1/lib/plugins/maven-settings-builder-3.0.4.jar
7f89e92df000-7f89e92e3000 r--s 00033000 08:04 2743396                    /home/nox/.gradle/wrapper/dists/gradle-4.1-all/bzyivzo6n839fup2jbap0tjew/gradle-4.1/lib/plugins/plexus-utils-2.0.6.jar
7f89e92e3000-7f89e92e5000 r--s 0000d000 08:04 2743397                    /home/nox/.gradle/wrapper/dists/gradle-4.1-all/bzyivzo6n839fup2jbap0tjew/gradle-4.1/lib/plugins/plexus-interpolation-1.14.jar
7f89e92e5000-7f89e92e7000 r--s 00000000 08:04 2743372                    /home/nox/.gradle/wrapper/dists/gradle-4.1-all/bzyivzo6n839fup2jbap0tjew/gradle-4.1/lib/plugins/plexus-component-annotations-1.5.5.jar
7f89e92e7000-7f89e92ee000 r--s 0002e000 08:04 2743398                    /home/nox/.gradle/wrapper/dists/gradle-4.1-all/bzyivzo6n839fup2jbap0tjew/gradle-4.1/lib/plugins/plexus-container-default-1.5.5.jar
7f89e92ee000-7f89e92f0000 r--s 0000a000 08:04 2743399                    /home/nox/.gradle/wrapper/dists/gradle-4.1-all/bzyivzo6n839fup2jbap0tjew/gradle-4.1/lib/plugins/plexus-classworlds-2.4.jar
7f89e92f0000-7f89e92f2000 r--s 00002000 08:04 2743400                    /home/nox/.gradle/wrapper/dists/gradle-4.1-all/bzyivzo6n839fup2jbap0tjew/gradle-4.1/lib/plugins/plexus-cipher-1.7.jar
7f89e92f2000-7f89e92f3000 r--s 00006000 08:04 2743401                    /home/nox/.gradle/wrapper/dists/gradle-4.1-all/bzyivzo6n839fup2jbap0tjew/gradle-4.1/lib/plugins/plexus-sec-dispatcher-1.3.jar
7f89e92f3000-7f89e92f9000 r--s 0003f000 08:04 2743402                    /home/nox/.gradle/wrapper/dists/gradle-4.1-all/bzyivzo6n839fup2jbap0tjew/gradle-4.1/lib/plugins/maven-compat-3.0.4.jar
7f89e92f9000-7f89e92fd000 r--s 00021000 08:04 2743403                    /home/nox/.gradle/wrapper/dists/gradle-4.1-all/bzyivzo6n839fup2jbap0tjew/gradle-4.1/lib/plugins/maven-model-builder-3.0.4.jar
7f89e92fd000-7f89e92ff000 r--s 00026000 08:04 2743404                    /home/nox/.gradle/wrapper/dists/gradle-4.1-all/bzyivzo6n839fup2jbap0tjew/gradle-4.1/lib/plugins/maven-model-3.0.4.jar
7f89e92ff000-7f89e9301000 r--s 0000b000 08:04 2743405                    /home/nox/.gradle/wrapper/dists/gradle-4.1-all/bzyivzo6n839fup2jbap0tjew/gradle-4.1/lib/plugins/maven-artifact-3.0.4.jar
7f89e9301000-7f89e9303000 r--s 00006000 08:04 2743406                    /home/nox/.gradle/wrapper/dists/gradle-4.1-all/bzyivzo6n839fup2jbap0tjew/gradle-4.1/lib/plugins/maven-repository-metadata-3.0.4.jar
7f89e9303000-7f89e9305000 r--s 0000b000 08:04 2743407                    /home/nox/.gradle/wrapper/dists/gradle-4.1-all/bzyivzo6n839fup2jbap0tjew/gradle-4.1/lib/plugins/maven-plugin-api-3.0.4.jar
7f89e9305000-7f89e9307000 r--s 0000c000 08:04 2743408                    /home/nox/.gradle/wrapper/dists/gradle-4.1-all/bzyivzo6n839fup2jbap0tjew/gradle-4.1/lib/plugins/maven-aether-provider-3.0.4.jar
7f89e9307000-7f89e9308000 r--s 00002000 08:04 2743409                    /home/nox/.gradle/wrapper/dists/gradle-4.1-all/bzyivzo6n839fup2jbap0tjew/gradle-4.1/lib/plugins/wagon-file-2.4.jar
7f89e9308000-7f89e930a000 r--s 0000b000 08:04 2743411                    /home/nox/.gradle/wrapper/dists/gradle-4.1-all/bzyivzo6n839fup2jbap0tjew/gradle-4.1/lib/plugins/wagon-provider-api-2.4.jar
7f89e930a000-7f89e930d000 r--s 00013000 08:04 2743413                    /home/nox/.gradle/wrapper/dists/gradle-4.1-all/bzyivzo6n839fup2jbap0tjew/gradle-4.1/lib/plugins/aether-api-1.13.1.jar
7f89e930d000-7f89f0000000 r--p 00000000 08:04 939285                     /usr/lib64/locale/locale-archive
7f89f0000000-7f89f0021000 rw-p 00000000 00:00 0 
7f89f0021000-7f89f4000000 ---p 00000000 00:00 0 
7f89f4000000-7f89f4021000 rw-p 00000000 00:00 0 
7f89f4021000-7f89f8000000 ---p 00000000 00:00 0 
7f89f8000000-7f89f8021000 rw-p 00000000 00:00 0 
7f89f8021000-7f89fc000000 ---p 00000000 00:00 0 
7f89fc000000-7f89fc0a3000 rw-p 00000000 00:00 0 
7f89fc0a3000-7f8a00000000 ---p 00000000 00:00 0 
7f8a00000000-7f8a0014f000 rw-p 00000000 00:00 0 
7f8a0014f000-7f8a04000000 ---p 00000000 00:00 0 
7f8a04000000-7f8a04036000 rw-p 00000000 00:00 0 
7f8a04036000-7f8a08000000 ---p 00000000 00:00 0 
7f8a08000000-7f8a08001000 r--s 00002000 08:04 2743410                    /home/nox/.gradle/wrapper/dists/gradle-4.1-all/bzyivzo6n839fup2jbap0tjew/gradle-4.1/lib/plugins/wagon-http-2.4.jar
7f8a08001000-7f8a08002000 r--s 00007000 08:04 2743412                    /home/nox/.gradle/wrapper/dists/gradle-4.1-all/bzyivzo6n839fup2jbap0tjew/gradle-4.1/lib/plugins/wagon-http-shared4-2.4.jar
7f8a08002000-7f8a08005000 r--s 0001d000 08:04 2743414                    /home/nox/.gradle/wrapper/dists/gradle-4.1-all/bzyivzo6n839fup2jbap0tjew/gradle-4.1/lib/plugins/aether-impl-1.13.1.jar
7f8a08005000-7f8a08009000 r--s 0001c000 08:04 2743416                    /home/nox/.gradle/wrapper/dists/gradle-4.1-all/bzyivzo6n839fup2jbap0tjew/gradle-4.1/lib/plugins/aether-util-1.13.1.jar
7f8a08009000-7f8a0800b000 r--s 00006000 08:04 2743417                    /home/nox/.gradle/wrapper/dists/gradle-4.1-all/bzyivzo6n839fup2jbap0tjew/gradle-4.1/lib/plugins/aether-connector-wagon-1.13.1.jar
7f8a0800b000-7f8a08017000 r--s 0007d000 08:04 2743369                    /home/nox/.gradle/wrapper/dists/gradle-4.1-all/bzyivzo6n839fup2jbap0tjew/gradle-4.1/lib/plugins/maven-core-3.0.4.jar
7f8a08017000-7f8a0803b000 r--s 0011a000 08:04 2743364                    /home/nox/.gradle/wrapper/dists/gradle-4.1-all/bzyivzo6n839fup2jbap0tjew/gradle-4.1/lib/plugins/gradle-dependency-management-4.1.jar
7f8a0803b000-7f8a08053000 r-xp 00000000 08:04 791499                     /usr/lib64/libgcc_s.so.1
7f8a08053000-7f8a08054000 r--p 00017000 08:04 791499                     /usr/lib64/libgcc_s.so.1
7f8a08054000-7f8a08055000 rw-p 00018000 08:04 791499                     /usr/lib64/libgcc_s.so.1
7f8a08055000-7f8a081d7000 r-xp 00000000 08:04 785576                     /usr/lib64/libstdc++.so.6.0.24
7f8a081d7000-7f8a083d7000 ---p 00182000 08:04 785576                     /usr/lib64/libstdc++.so.6.0.24
7f8a083d7000-7f8a083e1000 r--p 00182000 08:04 785576                     /usr/lib64/libstdc++.so.6.0.24
7f8a083e1000-7f8a083e3000 rw-p 0018c000 08:04 785576                     /usr/lib64/libstdc++.so.6.0.24
7f8a083e3000-7f8a083e6000 rw-p 00000000 00:00 0 
7f8a083e6000-7f8a083e7000 r--s 00003000 08:04 2743415                    /home/nox/.gradle/wrapper/dists/gradle-4.1-all/bzyivzo6n839fup2jbap0tjew/gradle-4.1/lib/plugins/aether-spi-1.13.1.jar
7f8a083e7000-7f8a083ec000 r--s 00034000 08:04 2743376                    /home/nox/.gradle/wrapper/dists/gradle-4.1-all/bzyivzo6n839fup2jbap0tjew/gradle-4.1/lib/plugins/gson-2.7.jar
7f8a083ec000-7f8a083f1000 r--s 00040000 08:04 2743384                    /home/nox/.gradle/wrapper/dists/gradle-4.1-all/bzyivzo6n839fup2jbap0tjew/gradle-4.1/lib/plugins/jsch-0.1.54.jar
7f8a083f1000-7f8a08400000 r--s 000d9000 08:04 2743383                    /home/nox/.gradle/wrapper/dists/gradle-4.1-all/bzyivzo6n839fup2jbap0tjew/gradle-4.1/lib/plugins/ivy-2.2.0.jar
7f8a08400000-7f8a08403000 r--s 0000d000 08:04 2743363                    /home/nox/.gradle/wrapper/dists/gradle-4.1-all/bzyivzo6n839fup2jbap0tjew/gradle-4.1/lib/plugins/gradle-workers-4.1.jar
7f8a08403000-7f8a08408000 r-xp 00000000 08:04 2744017                    /home/nox/.gradle/native/25/linux-amd64/libnative-platform.so
7f8a08408000-7f8a08607000 ---p 00005000 08:04 2744017                    /home/nox/.gradle/native/25/linux-amd64/libnative-platform.so
7f8a08607000-7f8a08608000 rw-p 00004000 08:04 2744017                    /home/nox/.gradle/native/25/linux-amd64/libnative-platform.so
7f8a08608000-7f8a08619000 r-xp 00000000 08:04 2607104                    /opt/android-studio/jre/jre/lib/amd64/libnio.so
7f8a08619000-7f8a08818000 ---p 00011000 08:04 2607104                    /opt/android-studio/jre/jre/lib/amd64/libnio.so
7f8a08818000-7f8a08819000 r--p 00010000 08:04 2607104                    /opt/android-studio/jre/jre/lib/amd64/libnio.so
7f8a08819000-7f8a0881a000 rw-p 00011000 08:04 2607104                    /opt/android-studio/jre/jre/lib/amd64/libnio.so
7f8a0881a000-7f8a08830000 r-xp 00000000 08:04 2607103                    /opt/android-studio/jre/jre/lib/amd64/libnet.so
7f8a08830000-7f8a08a30000 ---p 00016000 08:04 2607103                    /opt/android-studio/jre/jre/lib/amd64/libnet.so
7f8a08a30000-7f8a08a31000 r--p 00016000 08:04 2607103                    /opt/android-studio/jre/jre/lib/amd64/libnet.so
7f8a08a31000-7f8a08a32000 rw-p 00017000 08:04 2607103                    /opt/android-studio/jre/jre/lib/amd64/libnet.so
7f8a08a32000-7f8a08a33000 r--s 00006000 08:04 2743271                    /home/nox/.gradle/wrapper/dists/gradle-4.1-all/bzyivzo6n839fup2jbap0tjew/gradle-4.1/lib/gradle-wrapper-4.1.jar
7f8a08a33000-7f8a08a40000 r--s 00043000 08:04 2743270                    /home/nox/.gradle/wrapper/dists/gradle-4.1-all/bzyivzo6n839fup2jbap0tjew/gradle-4.1/lib/gradle-tooling-api-4.1.jar
7f8a08a40000-7f8a08a4f000 r--s 000c8000 08:04 2743267                    /home/nox/.gradle/wrapper/dists/gradle-4.1-all/bzyivzo6n839fup2jbap0tjew/gradle-4.1/lib/kotlin-stdlib-1.1.3-2.jar
7f8a08a4f000-7f8a08a81000 r--s 0021b000 08:04 2743266                    /home/nox/.gradle/wrapper/dists/gradle-4.1-all/bzyivzo6n839fup2jbap0tjew/gradle-4.1/lib/kotlin-reflect-1.1.3-2.jar
7f8a08a81000-7f8a08abd000 rw-p 00000000 00:00 0 
7f8a08abd000-7f8a08c74000 r--s 01786000 08:04 2743265                    /home/nox/.gradle/wrapper/dists/gradle-4.1-all/bzyivzo6n839fup2jbap0tjew/gradle-4.1/lib/kotlin-compiler-embeddable-1.1.3-2.jar
7f8a08c74000-7f8a08c75000 r--s 00000000 08:04 2743264                    /home/nox/.gradle/wrapper/dists/gradle-4.1-all/bzyivzo6n839fup2jbap0tjew/gradle-4.1/lib/gradle-kotlin-dsl-tooling-models-0.10.3.jar
7f8a08c75000-7f8a08c76000 r--s 00001000 08:04 2743262                    /home/nox/.gradle/wrapper/dists/gradle-4.1-all/bzyivzo6n839fup2jbap0tjew/gradle-4.1/lib/gradle-kotlin-dsl-compiler-plugin-0.10.3.jar
7f8a08c76000-7f8a08c78000 r--s 00003000 08:04 2743260                    /home/nox/.gradle/wrapper/dists/gradle-4.1-all/bzyivzo6n839fup2jbap0tjew/gradle-4.1/lib/annotations-13.0.jar
7f8a08c78000-7f8a08c82000 r--s 00073000 08:04 2743261                    /home/nox/.gradle/wrapper/dists/gradle-4.1-all/bzyivzo6n839fup2jbap0tjew/gradle-4.1/lib/gradle-kotlin-dsl-0.10.3.jar
7f8a08c82000-7f8a08c87000 r--s 00013000 08:04 2743277                    /home/nox/.gradle/wrapper/dists/gradle-4.1-all/bzyivzo6n839fup2jbap0tjew/gradle-4.1/lib/gradle-resources-4.1.jar
7f8a08c87000-7f8a08c89000 r--s 00005000 08:04 2743284                    /home/nox/.gradle/wrapper/dists/gradle-4.1-all/bzyivzo6n839fup2jbap0tjew/gradle-4.1/lib/gradle-cli-4.1.jar
7f8a08c89000-7f8a08c8b000 r--s 00003000 08:04 2743291                    /home/nox/.gradle/wrapper/dists/gradle-4.1-all/bzyivzo6n839fup2jbap0tjew/gradle-4.1/lib/jcl-over-slf4j-1.7.10.jar
7f8a08c8b000-7f8a08c8d000 r--s 00000000 08:04 2743289                    /home/nox/.gradle/wrapper/dists/gradle-4.1-all/bzyivzo6n839fup2jbap0tjew/gradle-4.1/lib/jul-to-slf4j-1.7.10.jar
7f8a08c8d000-7f8a08cfd000 r--s 00645000 08:04 2743297                    /home/nox/.gradle/wrapper/dists/gradle-4.1-all/bzyivzo6n839fup2jbap0tjew/gradle-4.1/lib/groovy-all-2.4.11.jar
7f8a08cfd000-7f8a08cfe000 ---p 00000000 00:00 0 
7f8a08cfe000-7f8a08dfe000 rw-p 00000000 00:00 0 
7f8a08dfe000-7f8a08e01000 ---p 00000000 00:00 0 
7f8a08e01000-7f8a08eff000 rw-p 00000000 00:00 0 
7f8a08eff000-7f8a08f00000 ---p 00000000 00:00 0 
7f8a08f00000-7f8a08f03000 ---p 00000000 00:00 0 
7f8a08f03000-7f8a0c000000 rw-p 00000000 00:00 0 
7f8a0c000000-7f8a0c021000 rw-p 00000000 00:00 0 
7f8a0c021000-7f8a10000000 ---p 00000000 00:00 0 
7f8a10000000-7f8a10001000 r--s 00005000 08:04 2743290                    /home/nox/.gradle/wrapper/dists/gradle-4.1-all/bzyivzo6n839fup2jbap0tjew/gradle-4.1/lib/log4j-over-slf4j-1.7.10.jar
7f8a10001000-7f8a10008000 r--s 0002c000 08:04 2743275                    /home/nox/.gradle/wrapper/dists/gradle-4.1-all/bzyivzo6n839fup2jbap0tjew/gradle-4.1/lib/gradle-logging-4.1.jar
7f8a10008000-7f8a10018000 r--s 00082000 08:04 2743280                    /home/nox/.gradle/wrapper/dists/gradle-4.1-all/bzyivzo6n839fup2jbap0tjew/gradle-4.1/lib/gradle-model-core-4.1.jar
7f8a10018000-7f8a1001a000 r--s 00006000 08:04 2743281                    /home/nox/.gradle/wrapper/dists/gradle-4.1-all/bzyivzo6n839fup2jbap0tjew/gradle-4.1/lib/gradle-base-services-groovy-4.1.jar
7f8a1001a000-7f8a1001c000 r--s 00007000 08:04 2743279                    /home/nox/.gradle/wrapper/dists/gradle-4.1-all/bzyivzo6n839fup2jbap0tjew/gradle-4.1/lib/gradle-model-groovy-4.1.jar
7f8a1001c000-7f8a1001d000 r--s 00002000 08:04 2743302                    /home/nox/.gradle/wrapper/dists/gradle-4.1-all/bzyivzo6n839fup2jbap0tjew/gradle-4.1/lib/gradle-docs-4.1.jar
7f8a1001d000-7f8a1002a000 r--s 00083000 08:04 2743300                    /home/nox/.gradle/wrapper/dists/gradle-4.1-all/bzyivzo6n839fup2jbap0tjew/gradle-4.1/lib/commons-collections-3.2.2.jar
7f8a1002a000-7f8a1002b000 r--s 00000000 08:04 2743299                    /home/nox/.gradle/wrapper/dists/gradle-4.1-all/bzyivzo6n839fup2jbap0tjew/gradle-4.1/lib/javax.inject-1.jar
7f8a1002b000-7f8a1002e000 r--s 00023000 08:04 2743303                    /home/nox/.gradle/wrapper/dists/gradle-4.1-all/bzyivzo6n839fup2jbap0tjew/gradle-4.1/lib/jansi-1.14.jar
7f8a1002e000-7f8a1002f000 r--s 00004000 08:04 2743305                    /home/nox/.gradle/wrapper/dists/gradle-4.1-all/bzyivzo6n839fup2jbap0tjew/gradle-4.1/lib/native-platform-freebsd-amd64-libcpp-0.14.jar
7f8a1002f000-7f8a10030000 r--s 00004000 08:04 2743306                    /home/nox/.gradle/wrapper/dists/gradle-4.1-all/bzyivzo6n839fup2jbap0tjew/gradle-4.1/lib/native-platform-freebsd-amd64-libstdcpp-0.14.jar
7f8a10030000-7f8a10031000 r--s 00004000 08:04 2743307                    /home/nox/.gradle/wrapper/dists/gradle-4.1-all/bzyivzo6n839fup2jbap0tjew/gradle-4.1/lib/native-platform-freebsd-i386-libcpp-0.14.jar
7f8a10031000-7f8a10032000 r--s 00003000 08:04 2743308                    /home/nox/.gradle/wrapper/dists/gradle-4.1-all/bzyivzo6n839fup2jbap0tjew/gradle-4.1/lib/native-platform-freebsd-i386-libstdcpp-0.14.jar
7f8a10032000-7f8a10033000 r--s 00002000 08:04 2743309                    /home/nox/.gradle/wrapper/dists/gradle-4.1-all/bzyivzo6n839fup2jbap0tjew/gradle-4.1/lib/native-platform-linux-amd64-0.14.jar
7f8a10033000-7f8a10034000 r--s 00002000 08:04 2743310                    /home/nox/.gradle/wrapper/dists/gradle-4.1-all/bzyivzo6n839fup2jbap0tjew/gradle-4.1/lib/native-platform-linux-i386-0.14.jar
7f8a10034000-7f8a10036000 r--s 00002000 08:04 2743311                    /home/nox/.gradle/wrapper/dists/gradle-4.1-all/bzyivzo6n839fup2jbap0tjew/gradle-4.1/lib/native-platform-osx-amd64-0.14.jar
7f8a10036000-7f8a10037000 r--s 00003000 08:04 2743312                    /home/nox/.gradle/wrapper/dists/gradle-4.1-all/bzyivzo6n839fup2jbap0tjew/gradle-4.1/lib/native-platform-osx-i386-0.14.jar
7f8a10037000-7f8a10039000 r--s 0000b000 08:04 2743313                    /home/nox/.gradle/wrapper/dists/gradle-4.1-all/bzyivzo6n839fup2jbap0tjew/gradle-4.1/lib/native-platform-windows-amd64-0.14.jar
7f8a10039000-7f8a1003a000 r--s 0000b000 08:04 2743314                    /home/nox/.gradle/wrapper/dists/gradle-4.1-all/bzyivzo6n839fup2jbap0tjew/gradle-4.1/lib/native-platform-windows-i386-0.14.jar
7f8a1003a000-7f8a1003b000 r--s 00001000 08:04 2743315                    /home/nox/.gradle/wrapper/dists/gradle-4.1-all/bzyivzo6n839fup2jbap0tjew/gradle-4.1/lib/native-platform-linux-amd64-ncurses5-0.14.jar
7f8a1003b000-7f8a1003c000 r--s 00001000 08:04 2743316                    /home/nox/.gradle/wrapper/dists/gradle-4.1-all/bzyivzo6n839fup2jbap0tjew/gradle-4.1/lib/native-platform-linux-amd64-ncurses6-0.14.jar
7f8a1003c000-7f8a1003d000 r--s 00001000 08:04 2743317                    /home/nox/.gradle/wrapper/dists/gradle-4.1-all/bzyivzo6n839fup2jbap0tjew/gradle-4.1/lib/native-platform-linux-i386-ncurses5-0.14.jar
7f8a1003d000-7f8a10041000 r--s 00012000 08:04 2743301                    /home/nox/.gradle/wrapper/dists/gradle-4.1-all/bzyivzo6n839fup2jbap0tjew/gradle-4.1/lib/native-platform-0.14.jar
7f8a10041000-7f8a10044000 r--s 0000c000 08:04 2743278                    /home/nox/.gradle/wrapper/dists/gradle-4.1-all/bzyivzo6n839fup2jbap0tjew/gradle-4.1/lib/gradle-native-4.1.jar
7f8a10044000-7f8a10046000 r--s 0000f000 08:04 2743286                    /home/nox/.gradle/wrapper/dists/gradle-4.1-all/bzyivzo6n839fup2jbap0tjew/gradle-4.1/lib/reflectasm-1.07-shaded.jar
7f8a10046000-7f8a10048000 r--s 00000000 08:04 2743319                    /home/nox/.gradle/wrapper/dists/gradle-4.1-all/bzyivzo6n839fup2jbap0tjew/gradle-4.1/lib/minlog-1.2.jar
7f8a10048000-7f8a1004a000 r--s 00007000 08:04 2743320                    /home/nox/.gradle/wrapper/dists/gradle-4.1-all/bzyivzo6n839fup2jbap0tjew/gradle-4.1/lib/objenesis-1.2.jar
7f8a1004a000-7f8a1004e000 r--s 00026000 08:04 2743285                    /home/nox/.gradle/wrapper/dists/gradle-4.1-all/bzyivzo6n839fup2jbap0tjew/gradle-4.1/lib/kryo-2.20.jar
7f8a1004e000-7f8a10054000 r--s 0002b000 08:04 2743282                    /home/nox/.gradle/wrapper/dists/gradle-4.1-all/bzyivzo6n839fup2jbap0tjew/gradle-4.1/lib/gradle-messaging-4.1.jar
7f8a10054000-7f8a10056000 r--s 00006000 08:04 2743276                    /home/nox/.gradle/wrapper/dists/gradle-4.1-all/bzyivzo6n839fup2jbap0tjew/gradle-4.1/lib/gradle-process-services-4.1.jar
7f8a10056000-7f8a10058000 r--s 00000000 08:04 2743274                    /home/nox/.gradle/wrapper/dists/gradle-4.1-all/bzyivzo6n839fup2jbap0tjew/gradle-4.1/lib/gradle-jvm-services-4.1.jar
7f8a10058000-7f8a1005d000 r--s 00041000 08:04 2743295                    /home/nox/.gradle/wrapper/dists/gradle-4.1-all/bzyivzo6n839fup2jbap0tjew/gradle-4.1/lib/commons-lang-2.6.jar
7f8a1005d000-7f8a10060000 r--s 00006000 08:04 2743294                    /home/nox/.gradle/wrapper/dists/gradle-4.1-all/bzyivzo6n839fup2jbap0tjew/gradle-4.1/lib/jsr305-1.3.9.jar
7f8a10060000-7f8a10088000 r--s 001cf000 08:04 2743293                    /home/nox/.gradle/wrapper/dists/gradle-4.1-all/bzyivzo6n839fup2jbap0tjew/gradle-4.1/lib/guava-jdk5-17.0.jar
7f8a10088000-7f8a100a7000 r--s 001d1000 08:04 2743298                    /home/nox/.gradle/wrapper/dists/gradle-4.1-all/bzyivzo6n839fup2jbap0tjew/gradle-4.1/lib/ant-1.9.6.jar
7f8a100a7000-7f8a100f1000 r--s 00253000 08:04 2743273                    /home/nox/.gradle/wrapper/dists/gradle-4.1-all/bzyivzo6n839fup2jbap0tjew/gradle-4.1/lib/gradle-core-4.1.jar
7f8a100f1000-7f8a100f2000 ---p 00000000 00:00 0 
7f8a100f2000-7f8a100f5000 ---p 00000000 00:00 0 
7f8a100f5000-7f8a101f2000 rw-p 00000000 00:00 0 
7f8a101f2000-7f8a101f3000 ---p 00000000 00:00 0 
7f8a101f3000-7f8a101f6000 ---p 00000000 00:00 0 
7f8a101f6000-7f8a102f3000 rw-p 00000000 00:00 0 
7f8a102f3000-7f8a102f6000 ---p 00000000 00:00 0 
7f8a102f6000-7f8a103f4000 rw-p 00000000 00:00 0 
7f8a103f4000-7f8a103f7000 ---p 00000000 00:00 0 
7f8a103f7000-7f8a104f5000 rw-p 00000000 00:00 0 
7f8a104f5000-7f8a104f8000 ---p 00000000 00:00 0 
7f8a104f8000-7f8a105f6000 rw-p 00000000 00:00 0 
7f8a105f6000-7f8a105f7000 ---p 00000000 00:00 0 
7f8a105f7000-7f8a11000000 rw-p 00000000 00:00 0 
7f8a11000000-7f8a133e0000 rwxp 00000000 00:00 0 
7f8a133e0000-7f8a20000000 ---p 00000000 00:00 0 
7f8a20000000-7f8a20cc3000 rw-p 00000000 00:00 0 
7f8a20cc3000-7f8a24000000 ---p 00000000 00:00 0 
7f8a24000000-7f8a24001000 r--s 00001000 08:04 2743318                    /home/nox/.gradle/wrapper/dists/gradle-4.1-all/bzyivzo6n839fup2jbap0tjew/gradle-4.1/lib/native-platform-linux-i386-ncurses6-0.14.jar
7f8a24001000-7f8a24002000 r--s 00000000 08:04 2743296                    /home/nox/.gradle/wrapper/dists/gradle-4.1-all/bzyivzo6n839fup2jbap0tjew/gradle-4.1/lib/jcip-annotations-1.0.jar
7f8a24002000-7f8a24003000 r--s 00007000 08:04 2743292                    /home/nox/.gradle/wrapper/dists/gradle-4.1-all/bzyivzo6n839fup2jbap0tjew/gradle-4.1/lib/slf4j-api-1.7.10.jar
7f8a24003000-7f8a24007000 r--s 00027000 08:04 2743288                    /home/nox/.gradle/wrapper/dists/gradle-4.1-all/bzyivzo6n839fup2jbap0tjew/gradle-4.1/lib/commons-io-2.2.jar
7f8a24007000-7f8a2400f000 r--s 000bd000 08:04 2743287                    /home/nox/.gradle/wrapper/dists/gradle-4.1-all/bzyivzo6n839fup2jbap0tjew/gradle-4.1/lib/asm-debug-all-6.0_ALPHA.jar
7f8a2400f000-7f8a24010000 r--s 00004000 08:04 2743304                    /home/nox/.gradle/wrapper/dists/gradle-4.1-all/bzyivzo6n839fup2jbap0tjew/gradle-4.1/lib/ant-launcher-1.9.6.jar
7f8a24010000-7f8a2401c000 r--s 00053000 08:04 2743283                    /home/nox/.gradle/wrapper/dists/gradle-4.1-all/bzyivzo6n839fup2jbap0tjew/gradle-4.1/lib/gradle-base-services-4.1.jar
7f8a2401c000-7f8a24028000 r--s 0005c000 08:04 2743268                    /home/nox/.gradle/wrapper/dists/gradle-4.1-all/bzyivzo6n839fup2jbap0tjew/gradle-4.1/lib/gradle-launcher-4.1.jar
7f8a24028000-7f8a24721000 rw-p 00000000 00:00 0 
7f8a24721000-7f8a248f1000 r--s 03c46000 08:04 2607133                    /opt/android-studio/jre/jre/lib/rt.jar
7f8a248f1000-7f8a25508000 rw-p 00000000 00:00 0 
7f8a25508000-7f8a25509000 ---p 00000000 00:00 0 
7f8a25509000-7f8a25609000 rw-p 00000000 00:00 0 
7f8a25609000-7f8a2560a000 ---p 00000000 00:00 0 
7f8a2560a000-7f8a2570a000 rw-p 00000000 00:00 0 
7f8a2570a000-7f8a2570b000 ---p 00000000 00:00 0 
7f8a2570b000-7f8a2580b000 rw-p 00000000 00:00 0 
7f8a2580b000-7f8a2580c000 ---p 00000000 00:00 0 
7f8a2580c000-7f8a25945000 rw-p 00000000 00:00 0 
7f8a25945000-7f8a25b0c000 ---p 00000000 00:00 0 
7f8a25b0c000-7f8a25b45000 rw-p 00000000 00:00 0 
7f8a25b45000-7f8a25d0c000 ---p 00000000 00:00 0 
7f8a25d0c000-7f8a25ded000 rw-p 00000000 00:00 0 
7f8a25ded000-7f8a25e0c000 ---p 00000000 00:00 0 
7f8a25e0c000-7f8a25e9d000 rw-p 00000000 00:00 0 
7f8a25e9d000-7f8a261cd000 ---p 00000000 00:00 0 
7f8a261cd000-7f8a261e7000 r-xp 00000000 08:04 2607112                    /opt/android-studio/jre/jre/lib/amd64/libzip.so
7f8a261e7000-7f8a263e7000 ---p 0001a000 08:04 2607112                    /opt/android-studio/jre/jre/lib/amd64/libzip.so
7f8a263e7000-7f8a263e8000 r--p 0001a000 08:04 2607112                    /opt/android-studio/jre/jre/lib/amd64/libzip.so
7f8a263e8000-7f8a263e9000 rw-p 0001b000 08:04 2607112                    /opt/android-studio/jre/jre/lib/amd64/libzip.so
7f8a263e9000-7f8a26416000 r-xp 00000000 08:04 2607091                    /opt/android-studio/jre/jre/lib/amd64/libjava.so
7f8a26416000-7f8a26615000 ---p 0002d000 08:04 2607091                    /opt/android-studio/jre/jre/lib/amd64/libjava.so
7f8a26615000-7f8a26616000 r--p 0002c000 08:04 2607091                    /opt/android-studio/jre/jre/lib/amd64/libjava.so
7f8a26616000-7f8a26618000 rw-p 0002d000 08:04 2607091                    /opt/android-studio/jre/jre/lib/amd64/libjava.so
7f8a26618000-7f8a26628000 r-xp 00000000 08:04 2607111                    /opt/android-studio/jre/jre/lib/amd64/libverify.so
7f8a26628000-7f8a26827000 ---p 00010000 08:04 2607111                    /opt/android-studio/jre/jre/lib/amd64/libverify.so
7f8a26827000-7f8a26829000 r--p 0000f000 08:04 2607111                    /opt/android-studio/jre/jre/lib/amd64/libverify.so
7f8a26829000-7f8a2682a000 rw-p 00011000 08:04 2607111                    /opt/android-studio/jre/jre/lib/amd64/libverify.so
7f8a2682a000-7f8a26831000 r-xp 00000000 08:04 788313                     /usr/lib64/librt-2.26.so
7f8a26831000-7f8a26832000 r--p 00006000 08:04 788313                     /usr/lib64/librt-2.26.so
7f8a26832000-7f8a26833000 rw-p 00007000 08:04 788313                     /usr/lib64/librt-2.26.so
7f8a26833000-7f8a26834000 ---p 00000000 00:00 0 
7f8a26834000-7f8a26837000 ---p 00000000 00:00 0 
7f8a26837000-7f8a26934000 rw-p 00000000 00:00 0 
7f8a26934000-7f8a26a88000 r-xp 00000000 08:04 788224                     /usr/lib64/libm-2.26.so
7f8a26a88000-7f8a26a89000 r--p 00153000 08:04 788224                     /usr/lib64/libm-2.26.so
7f8a26a89000-7f8a26a8a000 rw-p 00154000 08:04 788224                     /usr/lib64/libm-2.26.so
7f8a26a8a000-7f8a27686000 r-xp 00000000 08:04 2739375                    /opt/android-studio/jre/jre/lib/amd64/server/libjvm.so
7f8a27686000-7f8a27886000 ---p 00bfc000 08:04 2739375                    /opt/android-studio/jre/jre/lib/amd64/server/libjvm.so
7f8a27886000-7f8a27926000 r--p 00bfc000 08:04 2739375                    /opt/android-studio/jre/jre/lib/amd64/server/libjvm.so
7f8a27926000-7f8a2794f000 rw-p 00c9c000 08:04 2739375                    /opt/android-studio/jre/jre/lib/amd64/server/libjvm.so
7f8a2794f000-7f8a27995000 rw-p 00000000 00:00 0 
7f8a27995000-7f8a279af000 r-xp 00000000 08:04 788309                     /usr/lib64/libpthread-2.26.so
7f8a279af000-7f8a279b0000 r--p 00019000 08:04 788309                     /usr/lib64/libpthread-2.26.so
7f8a279b0000-7f8a279b1000 rw-p 0001a000 08:04 788309                     /usr/lib64/libpthread-2.26.so
7f8a279b1000-7f8a279b5000 rw-p 00000000 00:00 0 
7f8a279b5000-7f8a279b8000 r-xp 00000000 08:04 788220                     /usr/lib64/libdl-2.26.so
7f8a279b8000-7f8a279b9000 r--p 00002000 08:04 788220                     /usr/lib64/libdl-2.26.so
7f8a279b9000-7f8a279ba000 rw-p 00003000 08:04 788220                     /usr/lib64/libdl-2.26.so
7f8a279ba000-7f8a27b95000 r-xp 00000000 08:04 788213                     /usr/lib64/libc-2.26.so
7f8a27b95000-7f8a27b99000 r--p 001da000 08:04 788213                     /usr/lib64/libc-2.26.so
7f8a27b99000-7f8a27b9b000 rw-p 001de000 08:04 788213                     /usr/lib64/libc-2.26.so
7f8a27b9b000-7f8a27b9f000 rw-p 00000000 00:00 0 
7f8a27b9f000-7f8a27ba7000 rw-s 00000000 00:24 891775                     /tmp/hsperfdata_nox/27696
7f8a27ba7000-7f8a27bb2000 r-xp 00000000 08:04 788242                     /usr/lib64/libnss_files-2.26.so
7f8a27bb2000-7f8a27bb3000 r--p 0000a000 08:04 788242                     /usr/lib64/libnss_files-2.26.so
7f8a27bb3000-7f8a27bb4000 rw-p 0000b000 08:04 788242                     /usr/lib64/libnss_files-2.26.so
7f8a27bb4000-7f8a27bbb000 rw-p 00000000 00:00 0 
7f8a27bbb000-7f8a27bbc000 ---p 00000000 00:00 0 
7f8a27bbc000-7f8a27bd2000 r-xp 00000000 08:04 3002946                    /opt/android-studio/jre/lib/amd64/jli/libjli.so
7f8a27bd2000-7f8a27dd1000 ---p 00016000 08:04 3002946                    /opt/android-studio/jre/lib/amd64/jli/libjli.so
7f8a27dd1000-7f8a27dd2000 r--p 00015000 08:04 3002946                    /opt/android-studio/jre/lib/amd64/jli/libjli.so
7f8a27dd2000-7f8a27dd3000 rw-p 00016000 08:04 3002946                    /opt/android-studio/jre/lib/amd64/jli/libjli.so
7f8a27dd3000-7f8a27dd5000 rw-p 00000000 00:00 0 
7f8a27dd5000-7f8a27dfc000 r-xp 00000000 08:04 788202                     /usr/lib64/ld-2.26.so
7f8a27dfc000-7f8a27dfd000 r--p 00026000 08:04 788202                     /usr/lib64/ld-2.26.so
7f8a27dfd000-7f8a27dfe000 rw-p 00027000 08:04 788202                     /usr/lib64/ld-2.26.so
7f8a27dfe000-7f8a27dff000 rw-p 00000000 00:00 0 
7ffd14375000-7ffd14396000 rw-p 00000000 00:00 0                          [stack]
7ffd143cb000-7ffd143ce000 r--p 00000000 00:00 0                          [vvar]
7ffd143ce000-7ffd143d0000 r-xp 00000000 00:00 0                          [vdso]
ffffffffff600000-ffffffffff601000 r-xp 00000000 00:00 0                  [vsyscall]

VM Arguments:
jvm_args: -Xmx1536m -Dfile.encoding=UTF-8 -Duser.country=GB -Duser.language=en -Duser.variant 
java_command: org.gradle.launcher.daemon.bootstrap.GradleDaemon 4.1
java_class_path (initial): /home/nox/.gradle/wrapper/dists/gradle-4.1-all/bzyivzo6n839fup2jbap0tjew/gradle-4.1/lib/gradle-launcher-4.1.jar
Launcher Type: SUN_STANDARD

Environment Variables:
PATH=/sbin:/bin:/usr/sbin:/usr/bin:/usr/local/bin:/snap/bin
SHELL=/bin/bash
DISPLAY=:0

Signal Handlers:
SIGSEGV: [libjvm.so+0x9edb30], sa_mask[0]=11111111011111111101111111111110, sa_flags=SA_RESTART|SA_SIGINFO
SIGBUS: [libjvm.so+0x9edb30], sa_mask[0]=11111111011111111101111111111110, sa_flags=SA_RESTART|SA_SIGINFO
SIGFPE: [libjvm.so+0x84e800], sa_mask[0]=11111111011111111101111111111110, sa_flags=SA_RESTART|SA_SIGINFO
SIGPIPE: [libjvm.so+0x84e800], sa_mask[0]=11111111011111111101111111111110, sa_flags=SA_RESTART|SA_SIGINFO
SIGXFSZ: [libjvm.so+0x84e800], sa_mask[0]=11111111011111111101111111111110, sa_flags=SA_RESTART|SA_SIGINFO
SIGILL: [libjvm.so+0x84e800], sa_mask[0]=11111111011111111101111111111110, sa_flags=SA_RESTART|SA_SIGINFO
SIGUSR1: SIG_DFL, sa_mask[0]=00000000000000000000000000000000, sa_flags=none
SIGUSR2: [libjvm.so+0x84e6d0], sa_mask[0]=00100000000000000000000000000000, sa_flags=SA_RESTART|SA_SIGINFO
SIGHUP: [libjvm.so+0x84e8c0], sa_mask[0]=11111111011111111101111111111110, sa_flags=SA_RESTART|SA_SIGINFO
SIGINT: [libjvm.so+0x84e8c0], sa_mask[0]=11111111011111111101111111111110, sa_flags=SA_RESTART|SA_SIGINFO
SIGTERM: [libjvm.so+0x84e8c0], sa_mask[0]=11111111011111111101111111111110, sa_flags=SA_RESTART|SA_SIGINFO
SIGQUIT: [libjvm.so+0x84e8c0], sa_mask[0]=11111111011111111101111111111110, sa_flags=SA_RESTART|SA_SIGINFO


---------------  S Y S T E M  ---------------

OS:LSB_VERSION=1.4
DISTRIB_ID=Solus
DISTRIB_DESCRIPTION="Solus"
DISTRIB_RELEASE=3.999
DISTRIB_CODENAME=shannon

uname:Linux 4.15.17-65.current #1 SMP PREEMPT Fri Apr 20 11:36:00 UTC 2018 x86_64
libc:glibc 2.26 NPTL 2.26 
rlimit: STACK 8192k, CORE 0k, NPROC 31230, NOFILE 4096, AS infinity
load average:16.04 5.22 2.98

/proc/meminfo:
MemTotal:        8091688 kB
MemFree:          125164 kB
MemAvailable:      26196 kB
Buffers:             352 kB
Cached:          1402248 kB
SwapCached:          616 kB
Active:          6531796 kB
Inactive:        1124820 kB
Active(anon):    6525844 kB
Inactive(anon):  1105348 kB
Active(file):       5952 kB
Inactive(file):    19472 kB
Unevictable:         292 kB
Mlocked:             292 kB
SwapTotal:         65532 kB
SwapFree:              0 kB
Dirty:                28 kB
Writeback:             0 kB
AnonPages:       6254180 kB
Mapped:           650484 kB
Shmem:           1376800 kB
Slab:             125560 kB
SReclaimable:      57160 kB
SUnreclaim:        68400 kB
KernelStack:       17776 kB
PageTables:        58192 kB
NFS_Unstable:          0 kB
Bounce:                0 kB
WritebackTmp:          0 kB
CommitLimit:     4111376 kB
Committed_AS:   15566784 kB
VmallocTotal:   34359738367 kB
VmallocUsed:           0 kB
VmallocChunk:          0 kB
AnonHugePages:         0 kB
ShmemHugePages:        0 kB
ShmemPmdMapped:        0 kB
HugePages_Total:       0
HugePages_Free:        0
HugePages_Rsvd:        0
HugePages_Surp:        0
Hugepagesize:       2048 kB
DirectMap4k:      247032 kB
DirectMap2M:     6948864 kB
DirectMap1G:     1048576 kB


CPU:total 4 (initial active 4) (2 cores per cpu, 2 threads per core) family 6 model 78 stepping 3, cmov, cx8, fxsr, mmx, sse, sse2, sse3, ssse3, sse4.1, sse4.2, popcnt, avx, avx2, aes, clmul, erms, 3dnowpref, lzcnt, ht, tsc, tscinvbit, bmi1, bmi2, adx

/proc/cpuinfo:
processor	: 0
vendor_id	: GenuineIntel
cpu family	: 6
model		: 78
model name	: Intel(R) Core(TM) i5-6200U CPU @ 2.30GHz
stepping	: 3
microcode	: 0xc2
cpu MHz		: 2007.771
cache size	: 3072 KB
physical id	: 0
siblings	: 4
core id		: 0
cpu cores	: 2
apicid		: 0
initial apicid	: 0
fpu		: yes
fpu_exception	: yes
cpuid level	: 22
wp		: yes
flags		: fpu vme de pse tsc msr pae mce cx8 apic sep mtrr pge mca cmov pat pse36 clflush dts acpi mmx fxsr sse sse2 ss ht tm pbe syscall nx pdpe1gb rdtscp lm constant_tsc art arch_perfmon pebs bts rep_good nopl xtopology nonstop_tsc cpuid aperfmperf tsc_known_freq pni pclmulqdq dtes64 monitor ds_cpl vmx est tm2 ssse3 sdbg fma cx16 xtpr pdcm pcid sse4_1 sse4_2 x2apic movbe popcnt tsc_deadline_timer aes xsave avx f16c rdrand lahf_lm abm 3dnowprefetch cpuid_fault epb invpcid_single pti tpr_shadow vnmi flexpriority ept vpid fsgsbase tsc_adjust bmi1 avx2 smep bmi2 erms invpcid mpx rdseed adx smap clflushopt intel_pt xsaveopt xsavec xgetbv1 xsaves ibpb ibrs stibp dtherm ida arat pln pts hwp hwp_notify hwp_act_window hwp_epp
bugs		: cpu_meltdown spectre_v1 spectre_v2
bogomips	: 4800.00
clflush size	: 64
cache_alignment	: 64
address sizes	: 39 bits physical, 48 bits virtual
power management:

processor	: 1
vendor_id	: GenuineIntel
cpu family	: 6
model		: 78
model name	: Intel(R) Core(TM) i5-6200U CPU @ 2.30GHz
stepping	: 3
microcode	: 0xc2
cpu MHz		: 2203.653
cache size	: 3072 KB
physical id	: 0
siblings	: 4
core id		: 1
cpu cores	: 4
apicid		: 2
initial apicid	: 2
fpu		: yes
fpu_exception	: yes
cpuid level	: 22
wp		: yes
flags		: fpu vme de pse tsc msr pae mce cx8 apic sep mtrr pge mca cmov pat pse36 clflush dts acpi mmx fxsr sse sse2 ss ht tm pbe syscall nx pdpe1gb rdtscp lm constant_tsc art arch_perfmon pebs bts rep_good nopl xtopology nonstop_tsc cpuid aperfmperf tsc_known_freq pni pclmulqdq dtes64 monitor ds_cpl vmx est tm2 ssse3 sdbg fma cx16 xtpr pdcm pcid sse4_1 sse4_2 x2apic movbe popcnt tsc_deadline_timer aes xsave avx f16c rdrand lahf_lm abm 3dnowprefetch cpuid_fault epb invpcid_single pti tpr_shadow vnmi flexpriority ept vpid fsgsbase tsc_adjust bmi1 avx2 smep bmi2 erms invpcid mpx rdseed adx smap clflushopt intel_pt xsaveopt xsavec xgetbv1 xsaves ibpb ibrs stibp dtherm ida arat pln pts hwp hwp_notify hwp_act_window hwp_epp
bugs		: cpu_meltdown spectre_v1 spectre_v2
bogomips	: 4800.00
clflush size	: 64
cache_alignment	: 64
address sizes	: 39 bits physical, 48 bits virtual
power management:

processor	: 2
vendor_id	: GenuineIntel
cpu family	: 6
model		: 78
model name	: Intel(R) Core(TM) i5-6200U CPU @ 2.30GHz
stepping	: 3
microcode	: 0xc2
cpu MHz		: 2335.736
cache size	: 3072 KB
physical id	: 0
siblings	: 4
core id		: 0
cpu cores	: 2
apicid		: 1
initial apicid	: 1
fpu		: yes
fpu_exception	: yes
cpuid level	: 22
wp		: yes
flags		: fpu vme de pse tsc msr pae mce cx8 apic sep mtrr pge mca cmov pat pse36 clflush dts acpi mmx fxsr sse sse2 ss ht tm pbe syscall nx pdpe1gb rdtscp lm constant_tsc art arch_perfmon pebs bts rep_good nopl xtopology nonstop_tsc cpuid aperfmperf tsc_known_freq pni pclmulqdq dtes64 monitor ds_cpl vmx est tm2 ssse3 sdbg fma cx16 xtpr pdcm pcid sse4_1 sse4_2 x2apic movbe popcnt tsc_deadline_timer aes xsave avx f16c rdrand lahf_lm abm 3dnowprefetch cpuid_fault epb invpcid_single pti tpr_shadow vnmi flexpriority ept vpid fsgsbase tsc_adjust bmi1 avx2 smep bmi2 erms invpcid mpx rdseed adx smap clflushopt intel_pt xsaveopt xsavec xgetbv1 xsaves ibpb ibrs stibp dtherm ida arat pln pts hwp hwp_notify hwp_act_window hwp_epp
bugs		: cpu_meltdown spectre_v1 spectre_v2
bogomips	: 4800.00
clflush size	: 64
cache_alignment	: 64
address sizes	: 39 bits physical, 48 bits virtual
power management:

processor	: 3
vendor_id	: GenuineIntel
cpu family	: 6
model		: 78
model name	: Intel(R) Core(TM) i5-6200U CPU @ 2.30GHz
stepping	: 3
microcode	: 0xc2
cpu MHz		: 2076.514
cache size	: 3072 KB
physical id	: 0
siblings	: 4
core id		: 1
cpu cores	: 1
apicid		: 3
initial apicid	: 3
fpu		: yes
fpu_exception	: yes
cpuid level	: 22
wp		: yes
flags		: fpu vme de pse tsc msr pae mce cx8 apic sep mtrr pge mca cmov pat pse36 clflush dts acpi mmx fxsr sse sse2 ss ht tm pbe syscall nx pdpe1gb rdtscp lm constant_tsc art arch_perfmon pebs bts rep_good nopl xtopology nonstop_tsc cpuid aperfmperf tsc_known_freq pni pclmulqdq dtes64 monitor ds_cpl vmx est tm2 ssse3 sdbg fma cx16 xtpr pdcm pcid sse4_1 sse4_2 x2apic movbe popcnt tsc_deadline_timer aes xsave avx f16c rdrand lahf_lm abm 3dnowprefetch cpuid_fault epb invpcid_single pti tpr_shadow vnmi flexpriority ept vpid fsgsbase tsc_adjust bmi1 avx2 smep bmi2 erms invpcid mpx rdseed adx smap clflushopt intel_pt xsaveopt xsavec xgetbv1 xsaves ibpb ibrs stibp dtherm ida arat pln pts hwp hwp_notify hwp_act_window hwp_epp
bugs		: cpu_meltdown spectre_v1 spectre_v2
bogomips	: 4800.00
clflush size	: 64
cache_alignment	: 64
address sizes	: 39 bits physical, 48 bits virtual
power management:



Memory: 4k page, physical 8091688k(131208k free), swap 65532k(0k free)

vm_info: OpenJDK 64-Bit Server VM (25.152-b01) for linux-amd64 JRE (1.8.0_152-release-1024-b01), built by "builder" with gcc 4.8.4

time: Sat Apr 28 14:57:45 2018
elapsed time: 56 seconds (0d 0h 0m 56s)

